/Users/bb/Desktop/UCSD/Quarters/22Fall/CSE291/latent_ode/run_models.py
run_models.py --latent-ode --noise-weight 0.01 --viz --data sine2 --extrap --z0-encoder flow --wandb 1
Experiment sine2_flow_coupling_extrap
Epoch 0001 [Test seq (cond on sampled tp)] | Loss 3044.770752 | Likelihood -3047.769775 | KL fp 2.7709 | FP STD 0.1974|
KL coef: 0.0
Train loss (one batch): 3144.031982421875
Train CE loss (one batch): 0.0
Test MSE: 0.6103
Poisson likelihood: 0.0
CE loss: 0.0
Experiment sine2_flow_coupling_extrap
Epoch 0002 [Test seq (cond on sampled tp)] | Loss 1587.340698 | Likelihood -1588.661255 | KL fp 4.1813 | FP STD 0.0755|
KL coef: 0.0
Train loss (one batch): 1754.161865234375
Train CE loss (one batch): 0.0
Test MSE: 0.3185
Poisson likelihood: 0.0
CE loss: 0.0
Experiment sine2_flow_coupling_extrap
Epoch 0003 [Test seq (cond on sampled tp)] | Loss 526.352722 | Likelihood -529.993652 | KL fp 4.8803 | FP STD 0.0565|
KL coef: 0.0
Train loss (one batch): 572.4981689453125
Train CE loss (one batch): 0.0
Test MSE: 0.1067
Poisson likelihood: 0.0
CE loss: 0.0
Experiment sine2_flow_coupling_extrap
Epoch 0004 [Test seq (cond on sampled tp)] | Loss 185.251541 | Likelihood -186.577637 | KL fp 5.9793 | FP STD 0.0294|
KL coef: 0.0
Train loss (one batch): 209.88229370117188
Train CE loss (one batch): 0.0
Test MSE: 0.0381
Poisson likelihood: 0.0
CE loss: 0.0
Experiment sine2_flow_coupling_extrap
Epoch 0005 [Test seq (cond on sampled tp)] | Loss 73.461647 | Likelihood -74.574966 | KL fp 5.6173 | FP STD 0.0263|
KL coef: 0.0
Train loss (one batch): 88.18103790283203
Train CE loss (one batch): 0.0
Test MSE: 0.0157
Poisson likelihood: 0.0
CE loss: 0.0
Experiment sine2_flow_coupling_extrap
Epoch 0006 [Test seq (cond on sampled tp)] | Loss 47.094627 | Likelihood -48.211788 | KL fp 5.4862 | FP STD 0.0226|
KL coef: 0.0
Train loss (one batch): 55.56923294067383
Train CE loss (one batch): 0.0
Test MSE: 0.0104
Poisson likelihood: 0.0
CE loss: 0.0
Experiment sine2_flow_coupling_extrap
Epoch 0007 [Test seq (cond on sampled tp)] | Loss 35.243088 | Likelihood -36.343891 | KL fp 5.6767 | FP STD 0.0195|
KL coef: 0.0
Train loss (one batch): 43.324066162109375
Train CE loss (one batch): 0.0
Test MSE: 0.0080
Poisson likelihood: 0.0
CE loss: 0.0
Experiment sine2_flow_coupling_extrap
Epoch 0008 [Test seq (cond on sampled tp)] | Loss 26.602631 | Likelihood -27.704485 | KL fp 6.0921 | FP STD 0.0106|
KL coef: 0.0
Train loss (one batch): 33.64042663574219
Train CE loss (one batch): 0.0
Test MSE: 0.0063
Poisson likelihood: 0.0
CE loss: 0.0
Experiment sine2_flow_coupling_extrap
Epoch 0009 [Test seq (cond on sampled tp)] | Loss 20.673616 | Likelihood -21.776937 | KL fp 6.0843 | FP STD 0.0139|
KL coef: 0.0
Train loss (one batch): 25.962203979492188
Train CE loss (one batch): 0.0
Test MSE: 0.0051
Poisson likelihood: 0.0
CE loss: 0.0
Experiment sine2_flow_coupling_extrap
Epoch 0010 [Test seq (cond on sampled tp)] | Loss 14.548776 | Likelihood -15.647835 | KL fp 6.4071 | FP STD 0.0088|
KL coef: 0.0
Train loss (one batch): 19.51744270324707
Train CE loss (one batch): 0.0
Test MSE: 0.0039
Poisson likelihood: 0.0
CE loss: 0.0
Experiment sine2_flow_coupling_extrap
Epoch 0011 [Test seq (cond on sampled tp)] | Loss 10.951383 | Likelihood -11.985480 | KL fp 6.4925 | FP STD 0.0084|
KL coef: 0.010000000000000009
Train loss (one batch): 15.019769668579102
Train CE loss (one batch): 0.0
Test MSE: 0.0031
Poisson likelihood: 0.0
CE loss: 0.0
Experiment sine2_flow_coupling_extrap
Epoch 0012 [Test seq (cond on sampled tp)] | Loss 8.960425 | Likelihood -9.933188 | KL fp 6.3872 | FP STD 0.0093|
KL coef: 0.01990000000000003
Train loss (one batch): 12.224358558654785
Train CE loss (one batch): 0.0
Test MSE: 0.0027
Poisson likelihood: 0.0
CE loss: 0.0
Experiment sine2_flow_coupling_extrap
Epoch 0013 [Test seq (cond on sampled tp)] | Loss 7.976020 | Likelihood -8.901665 | KL fp 5.8679 | FP STD 0.0138|
KL coef: 0.029700999999999977
Train loss (one batch): 10.760598182678223
Train CE loss (one batch): 0.0
Test MSE: 0.0025
Poisson likelihood: 0.0
CE loss: 0.0
Experiment sine2_flow_coupling_extrap
Epoch 0014 [Test seq (cond on sampled tp)] | Loss 6.666603 | Likelihood -7.519227 | KL fp 6.2452 | FP STD 0.0108|
KL coef: 0.039403990000000055
Train loss (one batch): 10.270925521850586
Train CE loss (one batch): 0.0
Test MSE: 0.0022
Poisson likelihood: 0.0
CE loss: 0.0
Experiment sine2_flow_coupling_extrap
Epoch 0015 [Test seq (cond on sampled tp)] | Loss 6.062357 | Likelihood -6.888599 | KL fp 5.5802 | FP STD 0.0205|
KL coef: 0.04900995010000009
Train loss (one batch): 9.581613540649414
Train CE loss (one batch): 0.0
Test MSE: 0.0021
Poisson likelihood: 0.0
CE loss: 0.0
Experiment sine2_flow_coupling_extrap
Epoch 0016 [Test seq (cond on sampled tp)] | Loss 6.527006 | Likelihood -7.316223 | KL fp 5.3821 | FP STD 0.0205|
KL coef: 0.058519850599
Train loss (one batch): 11.84031867980957
Train CE loss (one batch): 0.0
Test MSE: 0.0022
Poisson likelihood: 0.0
CE loss: 0.0
Experiment sine2_flow_coupling_extrap
Epoch 0017 [Test seq (cond on sampled tp)] | Loss 5.716162 | Likelihood -6.428738 | KL fp 5.7093 | FP STD 0.0177|
KL coef: 0.06793465209301008
Train loss (one batch): 8.497514724731445
Train CE loss (one batch): 0.0
Test MSE: 0.0020
Poisson likelihood: 0.0
CE loss: 0.0
Experiment sine2_flow_coupling_extrap
Epoch 0018 [Test seq (cond on sampled tp)] | Loss 4.292706 | Likelihood -4.962604 | KL fp 5.5496 | FP STD 0.0169|
KL coef: 0.07725530557207994
Train loss (one batch): 7.085087299346924
Train CE loss (one batch): 0.0
Test MSE: 0.0017
Poisson likelihood: 0.0
CE loss: 0.0
Experiment sine2_flow_coupling_extrap
Epoch 0019 [Test seq (cond on sampled tp)] | Loss 4.053976 | Likelihood -4.597637 | KL fp 6.4231 | FP STD 0.0111|
KL coef: 0.08648275251635917
Train loss (one batch): 5.615839958190918
Train CE loss (one batch): 0.0
Test MSE: 0.0017
Poisson likelihood: 0.0
CE loss: 0.0
Experiment sine2_flow_coupling_extrap
Epoch 0020 [Test seq (cond on sampled tp)] | Loss 3.467781 | Likelihood -3.968994 | KL fp 6.2592 | FP STD 0.0127|
KL coef: 0.09561792499119559
Train loss (one batch): 5.539031028747559
Train CE loss (one batch): 0.0
Test MSE: 0.0015
Poisson likelihood: 0.0
CE loss: 0.0
Experiment sine2_flow_coupling_extrap
Epoch 0021 [Test seq (cond on sampled tp)] | Loss 6.209096 | Likelihood -6.787687 | KL fp 5.2922 | FP STD 0.0263|
KL coef: 0.10466174574128362
Train loss (one batch): 7.3755059242248535
Train CE loss (one batch): 0.0
Test MSE: 0.0021
Poisson likelihood: 0.0
CE loss: 0.0
Experiment sine2_flow_coupling_extrap
Epoch 0022 [Test seq (cond on sampled tp)] | Loss 2.462842 | Likelihood -2.954929 | KL fp 5.3417 | FP STD 0.0230|
KL coef: 0.11361512828387077
Train loss (one batch): 4.776856422424316
Train CE loss (one batch): 0.0
Test MSE: 0.0013
Poisson likelihood: 0.0
CE loss: 0.0
Experiment sine2_flow_coupling_extrap
Epoch 0023 [Test seq (cond on sampled tp)] | Loss 4.481503 | Likelihood -4.933280 | KL fp 5.7335 | FP STD 0.0404|
KL coef: 0.12247897700103216
Train loss (one batch): 6.727076053619385
Train CE loss (one batch): 0.0
Test MSE: 0.0017
Poisson likelihood: 0.0
CE loss: 0.0
Experiment sine2_flow_coupling_extrap
Epoch 0024 [Test seq (cond on sampled tp)] | Loss 1.709645 | Likelihood -2.021739 | KL fp 5.9940 | FP STD 0.0139|
KL coef: 0.13125418723102178
Train loss (one batch): 3.191472053527832
Train CE loss (one batch): 0.0
Test MSE: 0.0011
Poisson likelihood: 0.0
CE loss: 0.0
Experiment sine2_flow_coupling_extrap
Epoch 0025 [Test seq (cond on sampled tp)] | Loss 1.862451 | Likelihood -2.145198 | KL fp 5.8337 | FP STD 0.0134|
KL coef: 0.13994164535871156
Train loss (one batch): 3.627052068710327
Train CE loss (one batch): 0.0
Test MSE: 0.0012
Poisson likelihood: 0.0
CE loss: 0.0
Experiment sine2_flow_coupling_extrap
Epoch 0026 [Test seq (cond on sampled tp)] | Loss 2.252455 | Likelihood -2.517833 | KL fp 5.6173 | FP STD 0.0195|
KL coef: 0.14854222890512447
Train loss (one batch): 4.0863752365112305
Train CE loss (one batch): 0.0
Test MSE: 0.0012
Poisson likelihood: 0.0
CE loss: 0.0
Experiment sine2_flow_coupling_extrap
Epoch 0027 [Test seq (cond on sampled tp)] | Loss 0.861257 | Likelihood -1.048139 | KL fp 5.8058 | FP STD 0.0158|
KL coef: 0.15705680661607324
Train loss (one batch): 2.152735948562622
Train CE loss (one batch): 0.0
Test MSE: 0.0009
Poisson likelihood: 0.0
CE loss: 0.0
Experiment sine2_flow_coupling_extrap
Epoch 0028 [Test seq (cond on sampled tp)] | Loss 0.375564 | Likelihood -0.463346 | KL fp 6.1092 | FP STD 0.0101|
KL coef: 0.1654862385499125
Train loss (one batch): 1.993368148803711
Train CE loss (one batch): 0.0
Test MSE: 0.0008
Poisson likelihood: 0.0
CE loss: 0.0
Experiment sine2_flow_coupling_extrap
Epoch 0029 [Test seq (cond on sampled tp)] | Loss 31.255707 | Likelihood -32.552425 | KL fp 5.2668 | FP STD 0.0780|
KL coef: 0.17383137616441335
Train loss (one batch): 30.509756088256836
Train CE loss (one batch): 0.0
Test MSE: 0.0072
Poisson likelihood: 0.0
CE loss: 0.0
Experiment sine2_flow_coupling_extrap
Epoch 0030 [Test seq (cond on sampled tp)] | Loss 7.153885 | Likelihood -7.298817 | KL fp 5.3541 | FP STD 0.0334|
KL coef: 0.18209306240276923
Train loss (one batch): 7.152280330657959
Train CE loss (one batch): 0.0
Test MSE: 0.0022
Poisson likelihood: 0.0
CE loss: 0.0
Experiment sine2_flow_coupling_extrap
Epoch 0031 [Test seq (cond on sampled tp)] | Loss 2.470568 | Likelihood -2.597441 | KL fp 5.1317 | FP STD 0.0295|
KL coef: 0.19027213177874158
Train loss (one batch): 2.6186017990112305
Train CE loss (one batch): 0.0
Test MSE: 0.0013
Poisson likelihood: 0.0
CE loss: 0.0
Experiment sine2_flow_coupling_extrap
Epoch 0032 [Test seq (cond on sampled tp)] | Loss 5.929412 | Likelihood -5.942585 | KL fp 5.5845 | FP STD 0.0446|
KL coef: 0.19836941046095413
Train loss (one batch): 6.179314613342285
Train CE loss (one batch): 0.0
Test MSE: 0.0019
Poisson likelihood: 0.0
CE loss: 0.0
Experiment sine2_flow_coupling_extrap
Epoch 0033 [Test seq (cond on sampled tp)] | Loss 2.745319 | Likelihood -2.693324 | KL fp 5.6438 | FP STD 0.0314|
KL coef: 0.20638571635634462
Train loss (one batch): 3.0582334995269775
Train CE loss (one batch): 0.0
Test MSE: 0.0013
Poisson likelihood: 0.0
CE loss: 0.0
Experiment sine2_flow_coupling_extrap
Epoch 0034 [Test seq (cond on sampled tp)] | Loss 11.155150 | Likelihood -11.268368 | KL fp 4.8003 | FP STD 0.0414|
KL coef: 0.21432185919278124
Train loss (one batch): 14.900596618652344
Train CE loss (one batch): 0.0
Test MSE: 0.0030
Poisson likelihood: 0.0
CE loss: 0.0
Experiment sine2_flow_coupling_extrap
Epoch 0035 [Test seq (cond on sampled tp)] | Loss 3.037059 | Likelihood -2.995731 | KL fp 5.1328 | FP STD 0.0370|
KL coef: 0.22217864060085335
Train loss (one batch): 3.54141902923584
Train CE loss (one batch): 0.0
Test MSE: 0.0013
Poisson likelihood: 0.0
CE loss: 0.0
Experiment sine2_flow_coupling_extrap
Epoch 0036 [Test seq (cond on sampled tp)] | Loss 1.125768 | Likelihood -1.126443 | KL fp 4.7818 | FP STD 0.0386|
KL coef: 0.2299568541948449
Train loss (one batch): 2.5158021450042725
Train CE loss (one batch): 0.0
Test MSE: 0.0010
Poisson likelihood: 0.0
CE loss: 0.0
Experiment sine2_flow_coupling_extrap
Epoch 0037 [Test seq (cond on sampled tp)] | Loss 2.106319 | Likelihood -1.970389 | KL fp 5.2465 | FP STD 0.0275|
KL coef: 0.23765728565289646
Train loss (one batch): 8.115283012390137
Train CE loss (one batch): 0.0
Test MSE: 0.0011
Poisson likelihood: 0.0
CE loss: 0.0
Experiment sine2_flow_coupling_extrap
Epoch 0038 [Test seq (cond on sampled tp)] | Loss 1.855716 | Likelihood -1.770944 | KL fp 4.9926 | FP STD 0.0297|
KL coef: 0.24528071279636743
Train loss (one batch): 2.551574468612671
Train CE loss (one batch): 0.0
Test MSE: 0.0011
Poisson likelihood: 0.0
CE loss: 0.0
Experiment sine2_flow_coupling_extrap
Epoch 0039 [Test seq (cond on sampled tp)] | Loss 0.025458 | Likelihood 0.235486 | KL fp 5.3796 | FP STD 0.0225|
KL coef: 0.25282790566840385
Train loss (one batch): 0.5870890617370605
Train CE loss (one batch): 0.0
Test MSE: 0.0007
Poisson likelihood: 0.0
CE loss: 0.0
Experiment sine2_flow_coupling_extrap
Epoch 0040 [Test seq (cond on sampled tp)] | Loss 0.144471 | Likelihood 0.309740 | KL fp 5.9657 | FP STD 0.0161|
KL coef: 0.2602996266117198
Train loss (one batch): 0.9666049480438232
Train CE loss (one batch): 0.0
Test MSE: 0.0007
Poisson likelihood: 0.0
CE loss: 0.0
Experiment sine2_flow_coupling_extrap
Epoch 0041 [Test seq (cond on sampled tp)] | Loss 0.777265 | Likelihood -0.505914 | KL fp 5.1478 | FP STD 0.0293|
KL coef: 0.26769663034560254
Train loss (one batch): 1.3340051174163818
Train CE loss (one batch): 0.0
Test MSE: 0.0008
Poisson likelihood: 0.0
CE loss: 0.0
Experiment sine2_flow_coupling_extrap
Epoch 0042 [Test seq (cond on sampled tp)] | Loss -0.273548 | Likelihood 0.661633 | KL fp 5.4070 | FP STD 0.0237|
KL coef: 0.2750196640421466
Train loss (one batch): 0.36940640211105347
Train CE loss (one batch): 0.0
Test MSE: 0.0006
Poisson likelihood: 0.0
CE loss: 0.0
Experiment sine2_flow_coupling_extrap
Epoch 0043 [Test seq (cond on sampled tp)] | Loss 1.544691 | Likelihood -1.145599 | KL fp 5.3128 | FP STD 0.0249|
KL coef: 0.2822694674017251
Train loss (one batch): 1.0048729181289673
Train CE loss (one batch): 0.0
Test MSE: 0.0010
Poisson likelihood: 0.0
CE loss: 0.0
Experiment sine2_flow_coupling_extrap
Epoch 0044 [Test seq (cond on sampled tp)] | Loss 0.610892 | Likelihood -0.201389 | KL fp 5.2144 | FP STD 0.0234|
KL coef: 0.2894467727277079
Train loss (one batch): 1.2836897373199463
Train CE loss (one batch): 0.0
Test MSE: 0.0008
Poisson likelihood: 0.0
CE loss: 0.0
Experiment sine2_flow_coupling_extrap
Epoch 0045 [Test seq (cond on sampled tp)] | Loss -0.581129 | Likelihood 1.057274 | KL fp 5.3120 | FP STD 0.0193|
KL coef: 0.29655230500043084
Train loss (one batch): 0.1570873260498047
Train CE loss (one batch): 0.0
Test MSE: 0.0005
Poisson likelihood: 0.0
CE loss: 0.0
Experiment sine2_flow_coupling_extrap
Epoch 0046 [Test seq (cond on sampled tp)] | Loss -0.680710 | Likelihood 1.361659 | KL fp 5.8621 | FP STD 0.0124|
KL coef: 0.30358678195042654
Train loss (one batch): -0.3215240240097046
Train CE loss (one batch): 0.0
Test MSE: 0.0005
Poisson likelihood: 0.0
CE loss: 0.0
Experiment sine2_flow_coupling_extrap
Epoch 0047 [Test seq (cond on sampled tp)] | Loss -0.801778 | Likelihood 1.501213 | KL fp 5.7901 | FP STD 0.0124|
KL coef: 0.3105509141309223
Train loss (one batch): -0.4740251302719116
Train CE loss (one batch): 0.0
Test MSE: 0.0004
Poisson likelihood: 0.0
CE loss: 0.0
Experiment sine2_flow_coupling_extrap
Epoch 0048 [Test seq (cond on sampled tp)] | Loss 0.797855 | Likelihood -0.164697 | KL fp 5.4756 | FP STD 0.0211|
KL coef: 0.31744540498961304
Train loss (one batch): 0.9717423915863037
Train CE loss (one batch): 0.0
Test MSE: 0.0008
Poisson likelihood: 0.0
CE loss: 0.0
Experiment sine2_flow_coupling_extrap
Epoch 0049 [Test seq (cond on sampled tp)] | Loss -0.849381 | Likelihood 1.462243 | KL fp 5.2803 | FP STD 0.0190|
KL coef: 0.3242709509397169
Train loss (one batch): -0.09022927284240723
Train CE loss (one batch): 0.0
Test MSE: 0.0004
Poisson likelihood: 0.0
CE loss: 0.0
Experiment sine2_flow_coupling_extrap
Epoch 0050 [Test seq (cond on sampled tp)] | Loss -0.950491 | Likelihood 1.753194 | KL fp 5.7440 | FP STD 0.0141|
KL coef: 0.3310282414303197
Train loss (one batch): -0.5714335441589355
Train CE loss (one batch): 0.0
Test MSE: 0.0004
Poisson likelihood: 0.0
CE loss: 0.0
Experiment sine2_flow_coupling_extrap
Epoch 0051 [Test seq (cond on sampled tp)] | Loss -0.948047 | Likelihood 1.780939 | KL fp 5.7193 | FP STD 0.0136|
KL coef: 0.33771795901601653
Train loss (one batch): -0.6269315481185913
Train CE loss (one batch): 0.0
Test MSE: 0.0004
Poisson likelihood: 0.0
CE loss: 0.0
Experiment sine2_flow_coupling_extrap
Epoch 0052 [Test seq (cond on sampled tp)] | Loss -0.390887 | Likelihood 1.206789 | KL fp 5.5678 | FP STD 0.0257|
KL coef: 0.3443407794258564
Train loss (one batch): -0.3702131509780884
Train CE loss (one batch): 0.0
Test MSE: 0.0005
Poisson likelihood: 0.0
CE loss: 0.0
Experiment sine2_flow_coupling_extrap
Epoch 0053 [Test seq (cond on sampled tp)] | Loss -0.373404 | Likelihood 1.158238 | KL fp 5.3728 | FP STD 0.0245|
KL coef: 0.35089737163159784
Train loss (one batch): -0.2765073776245117
Train CE loss (one batch): 0.0
Test MSE: 0.0005
Poisson likelihood: 0.0
CE loss: 0.0
Experiment sine2_flow_coupling_extrap
Epoch 0054 [Test seq (cond on sampled tp)] | Loss -0.942184 | Likelihood 1.810590 | KL fp 5.5039 | FP STD 0.0165|
KL coef: 0.3573883979152819
Train loss (one batch): -0.6506916284561157
Train CE loss (one batch): 0.0
Test MSE: 0.0004
Poisson likelihood: 0.0
CE loss: 0.0
Experiment sine2_flow_coupling_extrap
Epoch 0055 [Test seq (cond on sampled tp)] | Loss -1.038208 | Likelihood 1.943865 | KL fp 5.5095 | FP STD 0.0161|
KL coef: 0.36381451393612907
Train loss (one batch): -0.7888038158416748
Train CE loss (one batch): 0.0
Test MSE: 0.0003
Poisson likelihood: 0.0
CE loss: 0.0
Experiment sine2_flow_coupling_extrap
Epoch 0056 [Test seq (cond on sampled tp)] | Loss -1.020871 | Likelihood 1.996440 | KL fp 5.6032 | FP STD 0.0138|
KL coef: 0.37017636879676774
Train loss (one batch): -0.717458963394165
Train CE loss (one batch): 0.0
Test MSE: 0.0003
Poisson likelihood: 0.0
CE loss: 0.0
Experiment sine2_flow_coupling_extrap
Epoch 0057 [Test seq (cond on sampled tp)] | Loss -1.053645 | Likelihood 2.040273 | KL fp 5.5396 | FP STD 0.0153|
KL coef: 0.37647460510880004
Train loss (one batch): -0.8487093448638916
Train CE loss (one batch): 0.0
Test MSE: 0.0003
Poisson likelihood: 0.0
CE loss: 0.0
Experiment sine2_flow_coupling_extrap
Epoch 0058 [Test seq (cond on sampled tp)] | Loss -1.041546 | Likelihood 2.079549 | KL fp 5.5831 | FP STD 0.0144|
KL coef: 0.38270985905771204
Train loss (one batch): -0.8293479681015015
Train CE loss (one batch): 0.0
Test MSE: 0.0003
Poisson likelihood: 0.0
CE loss: 0.0
Experiment sine2_flow_coupling_extrap
Epoch 0059 [Test seq (cond on sampled tp)] | Loss -0.998640 | Likelihood 2.053186 | KL fp 5.5371 | FP STD 0.0152|
KL coef: 0.388882760467135
Train loss (one batch): -0.9798035621643066
Train CE loss (one batch): 0.0
Test MSE: 0.0003
Poisson likelihood: 0.0
CE loss: 0.0
Experiment sine2_flow_coupling_extrap
Epoch 0060 [Test seq (cond on sampled tp)] | Loss -1.088477 | Likelihood 2.168055 | KL fp 5.5145 | FP STD 0.0153|
KL coef: 0.39499393286246365
Train loss (one batch): -0.7949726581573486
Train CE loss (one batch): 0.0
Test MSE: 0.0003
Poisson likelihood: 0.0
CE loss: 0.0
Experiment sine2_flow_coupling_extrap
Epoch 0061 [Test seq (cond on sampled tp)] | Loss -1.071477 | Likelihood 2.181726 | KL fp 5.5078 | FP STD 0.0154|
KL coef: 0.401043993533839
Train loss (one batch): -0.4277951717376709
Train CE loss (one batch): 0.0
Test MSE: 0.0003
Poisson likelihood: 0.0
CE loss: 0.0
Experiment sine2_flow_coupling_extrap
Epoch 0062 [Test seq (cond on sampled tp)] | Loss -1.066793 | Likelihood 2.224009 | KL fp 5.5424 | FP STD 0.0149|
KL coef: 0.4070335535985006
Train loss (one batch): -0.7884351015090942
Train CE loss (one batch): 0.0
Test MSE: 0.0003
Poisson likelihood: 0.0
CE loss: 0.0
Experiment sine2_flow_coupling_extrap
Epoch 0063 [Test seq (cond on sampled tp)] | Loss -1.035740 | Likelihood 2.223867 | KL fp 5.5381 | FP STD 0.0149|
KL coef: 0.41296321806251557
Train loss (one batch): -0.7970093488693237
Train CE loss (one batch): 0.0
Test MSE: 0.0003
Poisson likelihood: 0.0
CE loss: 0.0
Experiment sine2_flow_coupling_extrap
Epoch 0064 [Test seq (cond on sampled tp)] | Loss -0.929768 | Likelihood 2.136760 | KL fp 5.5051 | FP STD 0.0156|
KL coef: 0.41883358588189046
Train loss (one batch): -0.7337609529495239
Train CE loss (one batch): 0.0
Test MSE: 0.0003
Poisson likelihood: 0.0
CE loss: 0.0
Experiment sine2_flow_coupling_extrap
Epoch 0065 [Test seq (cond on sampled tp)] | Loss -0.916180 | Likelihood 2.160502 | KL fp 5.5175 | FP STD 0.0155|
KL coef: 0.4246452500230715
Train loss (one batch): -0.7056845426559448
Train CE loss (one batch): 0.0
Test MSE: 0.0003
Poisson likelihood: 0.0
CE loss: 0.0
Experiment sine2_flow_coupling_extrap
Epoch 0066 [Test seq (cond on sampled tp)] | Loss -1.013575 | Likelihood 2.279637 | KL fp 5.4944 | FP STD 0.0156|
KL coef: 0.4303987975228408
Train loss (one batch): -0.8047535419464111
Train CE loss (one batch): 0.0
Test MSE: 0.0003
Poisson likelihood: 0.0
CE loss: 0.0
Experiment sine2_flow_coupling_extrap
Epoch 0067 [Test seq (cond on sampled tp)] | Loss -1.003396 | Likelihood 2.296078 | KL fp 5.4837 | FP STD 0.0158|
KL coef: 0.4360948095476125
Train loss (one batch): -0.7715866565704346
Train CE loss (one batch): 0.0
Test MSE: 0.0003
Poisson likelihood: 0.0
CE loss: 0.0
Experiment sine2_flow_coupling_extrap
Epoch 0068 [Test seq (cond on sampled tp)] | Loss -1.043696 | Likelihood 2.377366 | KL fp 5.5065 | FP STD 0.0156|
KL coef: 0.44173386145213633
Train loss (one batch): -0.7511618137359619
Train CE loss (one batch): 0.0
Test MSE: 0.0003
Poisson likelihood: 0.0
CE loss: 0.0
Experiment sine2_flow_coupling_extrap
Epoch 0069 [Test seq (cond on sampled tp)] | Loss -1.010723 | Likelihood 2.356290 | KL fp 5.4641 | FP STD 0.0162|
KL coef: 0.4473165228376149
Train loss (one batch): -0.8095450401306152
Train CE loss (one batch): 0.0
Test MSE: 0.0003
Poisson likelihood: 0.0
CE loss: 0.0
Experiment sine2_flow_coupling_extrap
Epoch 0070 [Test seq (cond on sampled tp)] | Loss -1.028349 | Likelihood 2.416898 | KL fp 5.4924 | FP STD 0.0157|
KL coef: 0.4528433576092388
Train loss (one batch): -0.8433934450149536
Train CE loss (one batch): 0.0
Test MSE: 0.0003
Poisson likelihood: 0.0
CE loss: 0.0
Experiment sine2_flow_coupling_extrap
Epoch 0071 [Test seq (cond on sampled tp)] | Loss -1.032212 | Likelihood 2.429517 | KL fp 5.4463 | FP STD 0.0162|
KL coef: 0.45831492403314644
Train loss (one batch): -0.7866208553314209
Train CE loss (one batch): 0.0
Test MSE: 0.0003
Poisson likelihood: 0.0
CE loss: 0.0
Experiment sine2_flow_coupling_extrap
Epoch 0072 [Test seq (cond on sampled tp)] | Loss -0.995505 | Likelihood 2.404560 | KL fp 5.4077 | FP STD 0.0169|
KL coef: 0.463731774792815
Train loss (one batch): -0.8405576944351196
Train CE loss (one batch): 0.0
Test MSE: 0.0003
Poisson likelihood: 0.0
CE loss: 0.0
Experiment sine2_flow_coupling_extrap
Epoch 0073 [Test seq (cond on sampled tp)] | Loss -1.026649 | Likelihood 2.468732 | KL fp 5.4162 | FP STD 0.0166|
KL coef: 0.46909445704488684
Train loss (one batch): -0.6931898593902588
Train CE loss (one batch): 0.0
Test MSE: 0.0002
Poisson likelihood: 0.0
CE loss: 0.0
Experiment sine2_flow_coupling_extrap
Epoch 0074 [Test seq (cond on sampled tp)] | Loss -1.031362 | Likelihood 2.506461 | KL fp 5.4254 | FP STD 0.0165|
KL coef: 0.474403512474438
Train loss (one batch): -0.7521259784698486
Train CE loss (one batch): 0.0
Test MSE: 0.0002
Poisson likelihood: 0.0
CE loss: 0.0
Experiment sine2_flow_coupling_extrap
Epoch 0075 [Test seq (cond on sampled tp)] | Loss -0.951704 | Likelihood 2.448413 | KL fp 5.4109 | FP STD 0.0167|
KL coef: 0.4796594773496936
Train loss (one batch): -0.6990346908569336
Train CE loss (one batch): 0.0
Test MSE: 0.0002
Poisson likelihood: 0.0
CE loss: 0.0
Experiment sine2_flow_coupling_extrap
Epoch 0076 [Test seq (cond on sampled tp)] | Loss -0.976585 | Likelihood 2.484905 | KL fp 5.3767 | FP STD 0.0171|
KL coef: 0.4848628825761967
Train loss (one batch): -0.7289841175079346
Train CE loss (one batch): 0.0
Test MSE: 0.0002
Poisson likelihood: 0.0
CE loss: 0.0
Experiment sine2_flow_coupling_extrap
Epoch 0077 [Test seq (cond on sampled tp)] | Loss -0.939291 | Likelihood 2.478231 | KL fp 5.3838 | FP STD 0.0170|
KL coef: 0.4900142537504347
Train loss (one batch): -0.833246111869812
Train CE loss (one batch): 0.0
Test MSE: 0.0002
Poisson likelihood: 0.0
CE loss: 0.0
Experiment sine2_flow_coupling_extrap
Epoch 0078 [Test seq (cond on sampled tp)] | Loss -0.937905 | Likelihood 2.512102 | KL fp 5.3987 | FP STD 0.0169|
KL coef: 0.49511411121293036
Train loss (one batch): -0.68925940990448
Train CE loss (one batch): 0.0
Test MSE: 0.0002
Poisson likelihood: 0.0
CE loss: 0.0
Experiment sine2_flow_coupling_extrap
Epoch 0079 [Test seq (cond on sampled tp)] | Loss -0.900320 | Likelihood 2.493990 | KL fp 5.3833 | FP STD 0.0169|
KL coef: 0.500162970100801
Train loss (one batch): -0.7239990234375
Train CE loss (one batch): 0.0
Test MSE: 0.0002
Poisson likelihood: 0.0
CE loss: 0.0
Experiment sine2_flow_coupling_extrap
Epoch 0080 [Test seq (cond on sampled tp)] | Loss -0.956826 | Likelihood 2.580842 | KL fp 5.3897 | FP STD 0.0172|
KL coef: 0.505161340399793
Train loss (one batch): -0.7524275779724121
Train CE loss (one batch): 0.0
Test MSE: 0.0002
Poisson likelihood: 0.0
CE loss: 0.0
Experiment sine2_flow_coupling_extrap
Epoch 0081 [Test seq (cond on sampled tp)] | Loss -0.919840 | Likelihood 2.564867 | KL fp 5.3785 | FP STD 0.0171|
KL coef: 0.510109726995795
Train loss (one batch): -0.7586029767990112
Train CE loss (one batch): 0.0
Test MSE: 0.0002
Poisson likelihood: 0.0
CE loss: 0.0
Experiment sine2_flow_coupling_extrap
Epoch 0082 [Test seq (cond on sampled tp)] | Loss -0.933904 | Likelihood 2.595124 | KL fp 5.3588 | FP STD 0.0172|
KL coef: 0.5150086297258372
Train loss (one batch): -0.7438750267028809
Train CE loss (one batch): 0.0
Test MSE: 0.0002
Poisson likelihood: 0.0
CE loss: 0.0
Experiment sine2_flow_coupling_extrap
Epoch 0083 [Test seq (cond on sampled tp)] | Loss -0.899901 | Likelihood 2.573170 | KL fp 5.3327 | FP STD 0.0178|
KL coef: 0.5198585434285787
Train loss (one batch): -0.7472234964370728
Train CE loss (one batch): 0.0
Test MSE: 0.0002
Poisson likelihood: 0.0
CE loss: 0.0
Experiment sine2_flow_coupling_extrap
Epoch 0084 [Test seq (cond on sampled tp)] | Loss -0.882355 | Likelihood 2.593049 | KL fp 5.3546 | FP STD 0.0171|
KL coef: 0.524659957994293
Train loss (one batch): -0.7815302610397339
Train CE loss (one batch): 0.0
Test MSE: 0.0002
Poisson likelihood: 0.0
CE loss: 0.0
Experiment sine2_flow_coupling_extrap
Epoch 0085 [Test seq (cond on sampled tp)] | Loss -0.923918 | Likelihood 2.637971 | KL fp 5.3128 | FP STD 0.0179|
KL coef: 0.5294133584143501
Train loss (one batch): -0.576210618019104
Train CE loss (one batch): 0.0
Test MSE: 0.0002
Poisson likelihood: 0.0
CE loss: 0.0
Experiment sine2_flow_coupling_extrap
Epoch 0086 [Test seq (cond on sampled tp)] | Loss -0.885548 | Likelihood 2.623726 | KL fp 5.3128 | FP STD 0.0176|
KL coef: 0.5341192248302067
Train loss (one batch): -0.6762346029281616
Train CE loss (one batch): 0.0
Test MSE: 0.0002
Poisson likelihood: 0.0
CE loss: 0.0
Experiment sine2_flow_coupling_extrap
Epoch 0087 [Test seq (cond on sampled tp)] | Loss -0.737291 | Likelihood 2.499402 | KL fp 5.3107 | FP STD 0.0177|
KL coef: 0.5387780325819045
Train loss (one batch): -0.6772338151931763
Train CE loss (one batch): 0.0
Test MSE: 0.0002
Poisson likelihood: 0.0
CE loss: 0.0
Experiment sine2_flow_coupling_extrap
Epoch 0088 [Test seq (cond on sampled tp)] | Loss -0.786915 | Likelihood 2.584375 | KL fp 5.3297 | FP STD 0.0175|
KL coef: 0.5433902522560855
Train loss (one batch): -0.6546710729598999
Train CE loss (one batch): 0.0
Test MSE: 0.0002
Poisson likelihood: 0.0
CE loss: 0.0
Experiment sine2_flow_coupling_extrap
Epoch 0089 [Test seq (cond on sampled tp)] | Loss -0.828485 | Likelihood 2.651304 | KL fp 5.3318 | FP STD 0.0177|
KL coef: 0.5479563497335247
Train loss (one batch): -0.6864715814590454
Train CE loss (one batch): 0.0
Test MSE: 0.0002
Poisson likelihood: 0.0
CE loss: 0.0
Experiment sine2_flow_coupling_extrap
Epoch 0090 [Test seq (cond on sampled tp)] | Loss -0.819958 | Likelihood 2.667233 | KL fp 5.3322 | FP STD 0.0178|
KL coef: 0.5524767862361895
Train loss (one batch): -0.605934739112854
Train CE loss (one batch): 0.0
Test MSE: 0.0002
Poisson likelihood: 0.0
CE loss: 0.0
Experiment sine2_flow_coupling_extrap
Epoch 0091 [Test seq (cond on sampled tp)] | Loss -0.741627 | Likelihood 2.586362 | KL fp 5.2850 | FP STD 0.0182|
KL coef: 0.5569520183738275
Train loss (one batch): -0.6608285903930664
Train CE loss (one batch): 0.0
Test MSE: 0.0002
Poisson likelihood: 0.0
CE loss: 0.0
Experiment sine2_flow_coupling_extrap
Epoch 0092 [Test seq (cond on sampled tp)] | Loss -0.836375 | Likelihood 2.708181 | KL fp 5.2918 | FP STD 0.0179|
KL coef: 0.5613824981900892
Train loss (one batch): -0.6283079385757446
Train CE loss (one batch): 0.0
Test MSE: 0.0002
Poisson likelihood: 0.0
CE loss: 0.0
Experiment sine2_flow_coupling_extrap
Epoch 0093 [Test seq (cond on sampled tp)] | Loss -0.850843 | Likelihood 2.740392 | KL fp 5.2816 | FP STD 0.0181|
KL coef: 0.5657686732081884
Train loss (one batch): -0.5917625427246094
Train CE loss (one batch): 0.0
Test MSE: 0.0002
Poisson likelihood: 0.0
CE loss: 0.0
Experiment sine2_flow_coupling_extrap
Epoch 0094 [Test seq (cond on sampled tp)] | Loss -0.784138 | Likelihood 2.688025 | KL fp 5.2670 | FP STD 0.0184|
KL coef: 0.5701109864761065
Train loss (one batch): -0.6687668561935425
Train CE loss (one batch): 0.0
Test MSE: 0.0002
Poisson likelihood: 0.0
CE loss: 0.0
Experiment sine2_flow_coupling_extrap
Epoch 0095 [Test seq (cond on sampled tp)] | Loss -0.711606 | Likelihood 2.637359 | KL fp 5.2652 | FP STD 0.0181|
KL coef: 0.5744098766113455
Train loss (one batch): -0.6685918569564819
Train CE loss (one batch): 0.0
Test MSE: 0.0002
Poisson likelihood: 0.0
CE loss: 0.0
Experiment sine2_flow_coupling_extrap
Epoch 0096 [Test seq (cond on sampled tp)] | Loss -0.729457 | Likelihood 2.671168 | KL fp 5.2541 | FP STD 0.0186|
KL coef: 0.578665777845232
Train loss (one batch): -0.674106240272522
Train CE loss (one batch): 0.0
Test MSE: 0.0002
Poisson likelihood: 0.0
CE loss: 0.0
Experiment sine2_flow_coupling_extrap
Epoch 0097 [Test seq (cond on sampled tp)] | Loss -0.772722 | Likelihood 2.748146 | KL fp 5.2739 | FP STD 0.0183|
KL coef: 0.5828791200667797
Train loss (one batch): -0.6124770641326904
Train CE loss (one batch): 0.0
Test MSE: 0.0002
Poisson likelihood: 0.0
CE loss: 0.0
Experiment sine2_flow_coupling_extrap
Epoch 0098 [Test seq (cond on sampled tp)] | Loss -0.722574 | Likelihood 2.708656 | KL fp 5.2547 | FP STD 0.0181|
KL coef: 0.5870503288661119
Train loss (one batch): -0.5530145168304443
Train CE loss (one batch): 0.0
Test MSE: 0.0002
Poisson likelihood: 0.0
CE loss: 0.0
Experiment sine2_flow_coupling_extrap
Epoch 0099 [Test seq (cond on sampled tp)] | Loss -0.735998 | Likelihood 2.719161 | KL fp 5.2130 | FP STD 0.0192|
KL coef: 0.5911798255774507
Train loss (one batch): -0.5470263957977295
Train CE loss (one batch): 0.0
Test MSE: 0.0002
Poisson likelihood: 0.0
CE loss: 0.0
Experiment sine2_flow_coupling_extrap
Epoch 0100 [Test seq (cond on sampled tp)] | Loss -0.737753 | Likelihood 2.747380 | KL fp 5.2219 | FP STD 0.0186|
KL coef: 0.5952680273216762
Train loss (one batch): -0.5206667184829712
Train CE loss (one batch): 0.0
Test MSE: 0.0002
Poisson likelihood: 0.0
CE loss: 0.0
Experiment sine2_flow_coupling_extrap
Epoch 0101 [Test seq (cond on sampled tp)] | Loss -0.729523 | Likelihood 2.740344 | KL fp 5.1889 | FP STD 0.0192|
KL coef: 0.5993153470484595
Train loss (one batch): -0.6204509735107422
Train CE loss (one batch): 0.0
Test MSE: 0.0002
Poisson likelihood: 0.0
CE loss: 0.0
Experiment sine2_flow_coupling_extrap
Epoch 0102 [Test seq (cond on sampled tp)] | Loss -0.719871 | Likelihood 2.773009 | KL fp 5.2240 | FP STD 0.0186|
KL coef: 0.6033221935779749
Train loss (one batch): -0.5465940237045288
Train CE loss (one batch): 0.0
Test MSE: 0.0002
Poisson likelihood: 0.0
CE loss: 0.0
Experiment sine2_flow_coupling_extrap
Epoch 0103 [Test seq (cond on sampled tp)] | Loss -0.738089 | Likelihood 2.797591 | KL fp 5.2004 | FP STD 0.0191|
KL coef: 0.6072889716421952
Train loss (one batch): -0.4972494840621948
Train CE loss (one batch): 0.0
Test MSE: 0.0002
Poisson likelihood: 0.0
CE loss: 0.0
Experiment sine2_flow_coupling_extrap
Epoch 0104 [Test seq (cond on sampled tp)] | Loss -0.719325 | Likelihood 2.798782 | KL fp 5.1997 | FP STD 0.0191|
KL coef: 0.6112160819257733
Train loss (one batch): -0.4067244529724121
Train CE loss (one batch): 0.0
Test MSE: 0.0002
Poisson likelihood: 0.0
CE loss: 0.0
Experiment sine2_flow_coupling_extrap
Epoch 0105 [Test seq (cond on sampled tp)] | Loss -0.671537 | Likelihood 2.773549 | KL fp 5.2044 | FP STD 0.0188|
KL coef: 0.6151039211065155
Train loss (one batch): -0.5183613300323486
Train CE loss (one batch): 0.0
Test MSE: 0.0002
Poisson likelihood: 0.0
CE loss: 0.0
Experiment sine2_flow_coupling_extrap
Epoch 0106 [Test seq (cond on sampled tp)] | Loss -0.662612 | Likelihood 2.785590 | KL fp 5.2053 | FP STD 0.0188|
KL coef: 0.6189528818954504
Train loss (one batch): -0.47371482849121094
Train CE loss (one batch): 0.0
Test MSE: 0.0002
Poisson likelihood: 0.0
CE loss: 0.0
Experiment sine2_flow_coupling_extrap
Epoch 0107 [Test seq (cond on sampled tp)] | Loss -0.608103 | Likelihood 2.724177 | KL fp 5.1629 | FP STD 0.0194|
KL coef: 0.6227633530764958
Train loss (one batch): -0.467487096786499
Train CE loss (one batch): 0.0
Test MSE: 0.0002
Poisson likelihood: 0.0
CE loss: 0.0
Experiment sine2_flow_coupling_extrap
Epoch 0108 [Test seq (cond on sampled tp)] | Loss -0.644134 | Likelihood 2.780612 | KL fp 5.1646 | FP STD 0.0195|
KL coef: 0.6265357195457308
Train loss (one batch): -0.5342366695404053
Train CE loss (one batch): 0.0
Test MSE: 0.0002
Poisson likelihood: 0.0
CE loss: 0.0
Experiment sine2_flow_coupling_extrap
Epoch 0109 [Test seq (cond on sampled tp)] | Loss -0.599184 | Likelihood 2.748814 | KL fp 5.1541 | FP STD 0.0195|
KL coef: 0.6302703623502736
Train loss (one batch): -0.5100283622741699
Train CE loss (one batch): 0.0
Test MSE: 0.0002
Poisson likelihood: 0.0
CE loss: 0.0
Experiment sine2_flow_coupling_extrap
Epoch 0110 [Test seq (cond on sampled tp)] | Loss -0.541596 | Likelihood 2.725116 | KL fp 5.1773 | FP STD 0.0192|
KL coef: 0.6339676587267709
Train loss (one batch): -0.5592145919799805
Train CE loss (one batch): 0.0
Test MSE: 0.0002
Poisson likelihood: 0.0
CE loss: 0.0
Experiment sine2_flow_coupling_extrap
Epoch 0111 [Test seq (cond on sampled tp)] | Loss -0.584265 | Likelihood 2.773029 | KL fp 5.1557 | FP STD 0.0194|
KL coef: 0.6376279821395031
Train loss (one batch): -0.4926269054412842
Train CE loss (one batch): 0.0
Test MSE: 0.0002
Poisson likelihood: 0.0
CE loss: 0.0
Experiment sine2_flow_coupling_extrap
Epoch 0112 [Test seq (cond on sampled tp)] | Loss -0.568712 | Likelihood 2.766454 | KL fp 5.1408 | FP STD 0.0194|
KL coef: 0.6412517023181081
Train loss (one batch): -0.5176926851272583
Train CE loss (one batch): 0.0
Test MSE: 0.0002
Poisson likelihood: 0.0
CE loss: 0.0
Experiment sine2_flow_coupling_extrap
Epoch 0113 [Test seq (cond on sampled tp)] | Loss -0.581347 | Likelihood 2.792595 | KL fp 5.1333 | FP STD 0.0196|
KL coef: 0.644839185294927
Train loss (one batch): -0.3728163242340088
Train CE loss (one batch): 0.0
Test MSE: 0.0002
Poisson likelihood: 0.0
CE loss: 0.0
Experiment sine2_flow_coupling_extrap
Epoch 0114 [Test seq (cond on sampled tp)] | Loss -0.577991 | Likelihood 2.816461 | KL fp 5.1467 | FP STD 0.0193|
KL coef: 0.6483907934419777
Train loss (one batch): -0.506415605545044
Train CE loss (one batch): 0.0
Test MSE: 0.0002
Poisson likelihood: 0.0
CE loss: 0.0
Experiment sine2_flow_coupling_extrap
Epoch 0115 [Test seq (cond on sampled tp)] | Loss -0.542663 | Likelihood 2.789428 | KL fp 5.1317 | FP STD 0.0197|
KL coef: 0.651906885507558
Train loss (one batch): -0.38163602352142334
Train CE loss (one batch): 0.0
Test MSE: 0.0002
Poisson likelihood: 0.0
CE loss: 0.0
Experiment sine2_flow_coupling_extrap
Epoch 0116 [Test seq (cond on sampled tp)] | Loss -0.481519 | Likelihood 2.740121 | KL fp 5.1232 | FP STD 0.0197|
KL coef: 0.6553878166524825
Train loss (one batch): -0.4906961917877197
Train CE loss (one batch): 0.0
Test MSE: 0.0002
Poisson likelihood: 0.0
CE loss: 0.0
Experiment sine2_flow_coupling_extrap
Epoch 0117 [Test seq (cond on sampled tp)] | Loss -0.546897 | Likelihood 2.815592 | KL fp 5.1110 | FP STD 0.0199|
KL coef: 0.6588339384859576
Train loss (one batch): -0.46407580375671387
Train CE loss (one batch): 0.0
Test MSE: 0.0002
Poisson likelihood: 0.0
CE loss: 0.0
Experiment sine2_flow_coupling_extrap
Epoch 0118 [Test seq (cond on sampled tp)] | Loss -0.487075 | Likelihood 2.762506 | KL fp 5.0951 | FP STD 0.0202|
KL coef: 0.662245599101098
Train loss (one batch): -0.4557161331176758
Train CE loss (one batch): 0.0
Test MSE: 0.0002
Poisson likelihood: 0.0
CE loss: 0.0
Experiment sine2_flow_coupling_extrap
Epoch 0119 [Test seq (cond on sampled tp)] | Loss -0.525557 | Likelihood 2.834341 | KL fp 5.1191 | FP STD 0.0194|
KL coef: 0.665623143110087
Train loss (one batch): -0.4526693820953369
Train CE loss (one batch): 0.0
Test MSE: 0.0002
Poisson likelihood: 0.0
CE loss: 0.0
Experiment sine2_flow_coupling_extrap
Epoch 0120 [Test seq (cond on sampled tp)] | Loss -0.506657 | Likelihood 2.800118 | KL fp 5.0709 | FP STD 0.0207|
KL coef: 0.6689669116789861
Train loss (one batch): -0.41886401176452637
Train CE loss (one batch): 0.0
Test MSE: 0.0002
Poisson likelihood: 0.0
CE loss: 0.0
Experiment sine2_flow_coupling_extrap
Epoch 0121 [Test seq (cond on sampled tp)] | Loss -0.425447 | Likelihood 2.745364 | KL fp 5.0850 | FP STD 0.0201|
KL coef: 0.6722772425621963
Train loss (one batch): -0.3866170644760132
Train CE loss (one batch): 0.0
Test MSE: 0.0002
Poisson likelihood: 0.0
CE loss: 0.0
Experiment sine2_flow_coupling_extrap
Epoch 0122 [Test seq (cond on sampled tp)] | Loss -0.487129 | Likelihood 2.831360 | KL fp 5.0966 | FP STD 0.0199|
KL coef: 0.6755544701365743
Train loss (one batch): -0.31932926177978516
Train CE loss (one batch): 0.0
Test MSE: 0.0002
Poisson likelihood: 0.0
CE loss: 0.0
Experiment sine2_flow_coupling_extrap
Epoch 0123 [Test seq (cond on sampled tp)] | Loss -0.497444 | Likelihood 2.849317 | KL fp 5.0834 | FP STD 0.0202|
KL coef: 0.6787989254352086
Train loss (one batch): -0.3840543031692505
Train CE loss (one batch): 0.0
Test MSE: 0.0002
Poisson likelihood: 0.0
CE loss: 0.0
Experiment sine2_flow_coupling_extrap
Epoch 0124 [Test seq (cond on sampled tp)] | Loss -0.464579 | Likelihood 2.803141 | KL fp 5.0400 | FP STD 0.0209|
KL coef: 0.6820109361808565
Train loss (one batch): -0.2591449022293091
Train CE loss (one batch): 0.0
Test MSE: 0.0002
Poisson likelihood: 0.0
CE loss: 0.0
Experiment sine2_flow_coupling_extrap
Epoch 0125 [Test seq (cond on sampled tp)] | Loss -0.365904 | Likelihood 2.730764 | KL fp 5.0550 | FP STD 0.0202|
KL coef: 0.685190826819048
Train loss (one batch): -0.2874842882156372
Train CE loss (one batch): 0.0
Test MSE: 0.0002
Poisson likelihood: 0.0
CE loss: 0.0
Experiment sine2_flow_coupling_extrap
Epoch 0126 [Test seq (cond on sampled tp)] | Loss -0.421333 | Likelihood 2.792437 | KL fp 5.0409 | FP STD 0.0206|
KL coef: 0.6883389185508575
Train loss (one batch): -0.3367345333099365
Train CE loss (one batch): 0.0
Test MSE: 0.0002
Poisson likelihood: 0.0
CE loss: 0.0
Experiment sine2_flow_coupling_extrap
Epoch 0127 [Test seq (cond on sampled tp)] | Loss -0.485318 | Likelihood 2.889036 | KL fp 5.0656 | FP STD 0.0203|
KL coef: 0.6914555293653489
Train loss (one batch): -0.2744112014770508
Train CE loss (one batch): 0.0
Test MSE: 0.0002
Poisson likelihood: 0.0
CE loss: 0.0
Experiment sine2_flow_coupling_extrap
Epoch 0128 [Test seq (cond on sampled tp)] | Loss -0.469543 | Likelihood 2.887299 | KL fp 5.0633 | FP STD 0.0203|
KL coef: 0.6945409740716955
Train loss (one batch): -0.3496971130371094
Train CE loss (one batch): 0.0
Test MSE: 0.0002
Poisson likelihood: 0.0
CE loss: 0.0
Experiment sine2_flow_coupling_extrap
Epoch 0129 [Test seq (cond on sampled tp)] | Loss -0.409660 | Likelihood 2.857141 | KL fp 5.0833 | FP STD 0.0198|
KL coef: 0.6975955643309785
Train loss (one batch): -0.2694650888442993
Train CE loss (one batch): 0.0
Test MSE: 0.0002
Poisson likelihood: 0.0
CE loss: 0.0
Experiment sine2_flow_coupling_extrap
Epoch 0130 [Test seq (cond on sampled tp)] | Loss -0.438803 | Likelihood 2.846373 | KL fp 5.0049 | FP STD 0.0211|
KL coef: 0.7006196086876687
Train loss (one batch): -0.36560094356536865
Train CE loss (one batch): 0.0
Test MSE: 0.0002
Poisson likelihood: 0.0
CE loss: 0.0
Experiment sine2_flow_coupling_extrap
Epoch 0131 [Test seq (cond on sampled tp)] | Loss -0.299729 | Likelihood 2.722437 | KL fp 5.0049 | FP STD 0.0209|
KL coef: 0.703613412600792
Train loss (one batch): -0.3113745450973511
Train CE loss (one batch): 0.0
Test MSE: 0.0002
Poisson likelihood: 0.0
CE loss: 0.0
Experiment sine2_flow_coupling_extrap
Epoch 0132 [Test seq (cond on sampled tp)] | Loss -0.416519 | Likelihood 2.868366 | KL fp 5.0251 | FP STD 0.0206|
KL coef: 0.7065772784747841
Train loss (one batch): -0.30470895767211914
Train CE loss (one batch): 0.0
Test MSE: 0.0002
Poisson likelihood: 0.0
CE loss: 0.0
Experiment sine2_flow_coupling_extrap
Epoch 0133 [Test seq (cond on sampled tp)] | Loss -0.388117 | Likelihood 2.852733 | KL fp 5.0221 | FP STD 0.0206|
KL coef: 0.7095115056900363
Train loss (one batch): -0.23104965686798096
Train CE loss (one batch): 0.0
Test MSE: 0.0002
Poisson likelihood: 0.0
CE loss: 0.0
Experiment sine2_flow_coupling_extrap
Epoch 0134 [Test seq (cond on sampled tp)] | Loss -0.412968 | Likelihood 2.885741 | KL fp 5.0132 | FP STD 0.0209|
KL coef: 0.7124163906331359
Train loss (one batch): -0.2568320035934448
Train CE loss (one batch): 0.0
Test MSE: 0.0002
Poisson likelihood: 0.0
CE loss: 0.0
Experiment sine2_flow_coupling_extrap
Epoch 0135 [Test seq (cond on sampled tp)] | Loss -0.401437 | Likelihood 2.885133 | KL fp 5.0082 | FP STD 0.0206|
KL coef: 0.7152922267268045
Train loss (one batch): -0.26212894916534424
Train CE loss (one batch): 0.0
Test MSE: 0.0002
Poisson likelihood: 0.0
CE loss: 0.0
Experiment sine2_flow_coupling_extrap
Epoch 0136 [Test seq (cond on sampled tp)] | Loss -0.428739 | Likelihood 2.894250 | KL fp 4.9632 | FP STD 0.0216|
KL coef: 0.7181393044595366
Train loss (one batch): -0.2391374111175537
Train CE loss (one batch): 0.0
Test MSE: 0.0002
Poisson likelihood: 0.0
CE loss: 0.0
Experiment sine2_flow_coupling_extrap
Epoch 0137 [Test seq (cond on sampled tp)] | Loss -0.361274 | Likelihood 2.847052 | KL fp 4.9720 | FP STD 0.0213|
KL coef: 0.7209579114149411
Train loss (one batch): -0.2729736566543579
Train CE loss (one batch): 0.0
Test MSE: 0.0002
Poisson likelihood: 0.0
CE loss: 0.0
Experiment sine2_flow_coupling_extrap
Epoch 0138 [Test seq (cond on sampled tp)] | Loss -0.336190 | Likelihood 2.817462 | KL fp 4.9463 | FP STD 0.0215|
KL coef: 0.7237483323007917
Train loss (one batch): -0.11998510360717773
Train CE loss (one batch): 0.0
Test MSE: 0.0002
Poisson likelihood: 0.0
CE loss: 0.0
Experiment sine2_flow_coupling_extrap
Epoch 0139 [Test seq (cond on sampled tp)] | Loss -0.322782 | Likelihood 2.822197 | KL fp 4.9526 | FP STD 0.0214|
KL coef: 0.7265108489777838
Train loss (one batch): -0.19390225410461426
Train CE loss (one batch): 0.0
Test MSE: 0.0002
Poisson likelihood: 0.0
CE loss: 0.0
Experiment sine2_flow_coupling_extrap
Epoch 0140 [Test seq (cond on sampled tp)] | Loss -0.342983 | Likelihood 2.864584 | KL fp 4.9644 | FP STD 0.0212|
KL coef: 0.729245740488006
Train loss (one batch): -0.23725318908691406
Train CE loss (one batch): 0.0
Test MSE: 0.0002
Poisson likelihood: 0.0
CE loss: 0.0
Experiment sine2_flow_coupling_extrap
Epoch 0141 [Test seq (cond on sampled tp)] | Loss -0.333532 | Likelihood 2.884840 | KL fp 4.9868 | FP STD 0.0208|
KL coef: 0.7319532830831259
Train loss (one batch): -0.21525192260742188
Train CE loss (one batch): 0.0
Test MSE: 0.0002
Poisson likelihood: 0.0
CE loss: 0.0
Experiment sine2_flow_coupling_extrap
Epoch 0142 [Test seq (cond on sampled tp)] | Loss -0.308550 | Likelihood 2.855915 | KL fp 4.9634 | FP STD 0.0212|
KL coef: 0.7346337502522946
Train loss (one batch): -0.236893892288208
Train CE loss (one batch): 0.0
Test MSE: 0.0002
Poisson likelihood: 0.0
CE loss: 0.0
Experiment sine2_flow_coupling_extrap
Epoch 0143 [Test seq (cond on sampled tp)] | Loss -0.253386 | Likelihood 2.809077 | KL fp 4.9570 | FP STD 0.0213|
KL coef: 0.7372874127497717
Train loss (one batch): -0.19638824462890625
Train CE loss (one batch): 0.0
Test MSE: 0.0002
Poisson likelihood: 0.0
CE loss: 0.0
Experiment sine2_flow_coupling_extrap
Epoch 0144 [Test seq (cond on sampled tp)] | Loss -0.310289 | Likelihood 2.873116 | KL fp 4.9488 | FP STD 0.0213|
KL coef: 0.739914538622274
Train loss (one batch): -0.17192482948303223
Train CE loss (one batch): 0.0
Test MSE: 0.0002
Poisson likelihood: 0.0
CE loss: 0.0
Experiment sine2_flow_coupling_extrap
Epoch 0145 [Test seq (cond on sampled tp)] | Loss -0.339170 | Likelihood 2.906522 | KL fp 4.9375 | FP STD 0.0215|
KL coef: 0.7425153932360513
Train loss (one batch): -0.2515522241592407
Train CE loss (one batch): 0.0
Test MSE: 0.0002
Poisson likelihood: 0.0
CE loss: 0.0
Experiment sine2_flow_coupling_extrap
Epoch 0146 [Test seq (cond on sampled tp)] | Loss -0.322972 | Likelihood 2.899308 | KL fp 4.9324 | FP STD 0.0214|
KL coef: 0.7450902393036907
Train loss (one batch): -0.13255417346954346
Train CE loss (one batch): 0.0
Test MSE: 0.0002
Poisson likelihood: 0.0
CE loss: 0.0
Experiment sine2_flow_coupling_extrap
Epoch 0147 [Test seq (cond on sampled tp)] | Loss -0.280663 | Likelihood 2.868348 | KL fp 4.9308 | FP STD 0.0215|
KL coef: 0.7476393369106538
Train loss (one batch): -0.2053394317626953
Train CE loss (one batch): 0.0
Test MSE: 0.0002
Poisson likelihood: 0.0
CE loss: 0.0
Experiment sine2_flow_coupling_extrap
Epoch 0148 [Test seq (cond on sampled tp)] | Loss -0.265086 | Likelihood 2.891191 | KL fp 4.9653 | FP STD 0.0211|
KL coef: 0.7501629435415473
Train loss (one batch): -0.10738503932952881
Train CE loss (one batch): 0.0
Test MSE: 0.0002
Poisson likelihood: 0.0
CE loss: 0.0
Experiment sine2_flow_coupling_extrap
Epoch 0149 [Test seq (cond on sampled tp)] | Loss -0.269803 | Likelihood 2.879218 | KL fp 4.9273 | FP STD 0.0214|
KL coef: 0.7526613141061318
Train loss (one batch): -0.2410818338394165
Train CE loss (one batch): 0.0
Test MSE: 0.0002
Poisson likelihood: 0.0
CE loss: 0.0
Experiment sine2_flow_coupling_extrap
Epoch 0150 [Test seq (cond on sampled tp)] | Loss -0.280195 | Likelihood 2.915074 | KL fp 4.9450 | FP STD 0.0211|
KL coef: 0.7551347009650705
Train loss (one batch): -0.15310287475585938
Train CE loss (one batch): 0.0
Test MSE: 0.0002
Poisson likelihood: 0.0
CE loss: 0.0
Experiment sine2_flow_coupling_extrap
Epoch 0151 [Test seq (cond on sampled tp)] | Loss -0.287846 | Likelihood 2.900842 | KL fp 4.9004 | FP STD 0.0219|
KL coef: 0.7575833539554198
Train loss (one batch): -0.13160228729248047
Train CE loss (one batch): 0.0
Test MSE: 0.0002
Poisson likelihood: 0.0
CE loss: 0.0
Experiment sine2_flow_coupling_extrap
Epoch 0152 [Test seq (cond on sampled tp)] | Loss -0.287164 | Likelihood 2.926561 | KL fp 4.9184 | FP STD 0.0214|
KL coef: 0.7600075204158656
Train loss (one batch): -0.18744230270385742
Train CE loss (one batch): 0.0
Test MSE: 0.0002
Poisson likelihood: 0.0
CE loss: 0.0
Experiment sine2_flow_coupling_extrap
Epoch 0153 [Test seq (cond on sampled tp)] | Loss -0.283152 | Likelihood 2.927146 | KL fp 4.9099 | FP STD 0.0216|
KL coef: 0.762407445211707
Train loss (one batch): -0.09617400169372559
Train CE loss (one batch): 0.0
Test MSE: 0.0002
Poisson likelihood: 0.0
CE loss: 0.0
Experiment sine2_flow_coupling_extrap
Epoch 0154 [Test seq (cond on sampled tp)] | Loss -0.266190 | Likelihood 2.925717 | KL fp 4.9146 | FP STD 0.0215|
KL coef: 0.7647833707595899
Train loss (one batch): 0.016344070434570312
Train CE loss (one batch): 0.0
Test MSE: 0.0002
Poisson likelihood: 0.0
CE loss: 0.0
Experiment sine2_flow_coupling_extrap
Epoch 0155 [Test seq (cond on sampled tp)] | Loss -0.158914 | Likelihood 2.811715 | KL fp 4.8905 | FP STD 0.0217|
KL coef: 0.767135537051994
Train loss (one batch): -0.16437339782714844
Train CE loss (one batch): 0.0
Test MSE: 0.0002
Poisson likelihood: 0.0
CE loss: 0.0
Experiment sine2_flow_coupling_extrap
Epoch 0156 [Test seq (cond on sampled tp)] | Loss -0.230185 | Likelihood 2.889587 | KL fp 4.8843 | FP STD 0.0217|
KL coef: 0.769464181681474
Train loss (one batch): -0.08890259265899658
Train CE loss (one batch): 0.0
Test MSE: 0.0002
Poisson likelihood: 0.0
CE loss: 0.0
Experiment sine2_flow_coupling_extrap
Epoch 0157 [Test seq (cond on sampled tp)] | Loss -0.137326 | Likelihood 2.799045 | KL fp 4.8727 | FP STD 0.0220|
KL coef: 0.7717695398646593
Train loss (one batch): -0.07824063301086426
Train CE loss (one batch): 0.0
Test MSE: 0.0002
Poisson likelihood: 0.0
CE loss: 0.0
Experiment sine2_flow_coupling_extrap
Epoch 0158 [Test seq (cond on sampled tp)] | Loss -0.209708 | Likelihood 2.900030 | KL fp 4.8964 | FP STD 0.0215|
KL coef: 0.7740518444660127
Train loss (one batch): -0.10942447185516357
Train CE loss (one batch): 0.0
Test MSE: 0.0002
Poisson likelihood: 0.0
CE loss: 0.0
Experiment sine2_flow_coupling_extrap
Epoch 0159 [Test seq (cond on sampled tp)] | Loss -0.106535 | Likelihood 2.788037 | KL fp 4.8696 | FP STD 0.0221|
KL coef: 0.7763113260213526
Train loss (one batch): -0.0855104923248291
Train CE loss (one batch): 0.0
Test MSE: 0.0002
Poisson likelihood: 0.0
CE loss: 0.0
Experiment sine2_flow_coupling_extrap
Epoch 0160 [Test seq (cond on sampled tp)] | Loss -0.203671 | Likelihood 2.857805 | KL fp 4.8207 | FP STD 0.0229|
KL coef: 0.7785482127611391
Train loss (one batch): -0.11319863796234131
Train CE loss (one batch): 0.0
Test MSE: 0.0002
Poisson likelihood: 0.0
CE loss: 0.0
Experiment sine2_flow_coupling_extrap
Epoch 0161 [Test seq (cond on sampled tp)] | Loss -0.222494 | Likelihood 2.919898 | KL fp 4.8620 | FP STD 0.0218|
KL coef: 0.7807627306335276
Train loss (one batch): -0.17927169799804688
Train CE loss (one batch): 0.0
Test MSE: 0.0002
Poisson likelihood: 0.0
CE loss: 0.0
Experiment sine2_flow_coupling_extrap
Epoch 0162 [Test seq (cond on sampled tp)] | Loss -0.205740 | Likelihood 2.889119 | KL fp 4.8310 | FP STD 0.0226|
KL coef: 0.7829551033271924
Train loss (one batch): -0.06473660469055176
Train CE loss (one batch): 0.0
Test MSE: 0.0002
Poisson likelihood: 0.0
CE loss: 0.0
Experiment sine2_flow_coupling_extrap
Epoch 0163 [Test seq (cond on sampled tp)] | Loss -0.146938 | Likelihood 2.853618 | KL fp 4.8470 | FP STD 0.0221|
KL coef: 0.7851255522939204
Train loss (one batch): -0.12562012672424316
Train CE loss (one batch): 0.0
Test MSE: 0.0002
Poisson likelihood: 0.0
CE loss: 0.0
Experiment sine2_flow_coupling_extrap
Epoch 0164 [Test seq (cond on sampled tp)] | Loss -0.186248 | Likelihood 2.913240 | KL fp 4.8599 | FP STD 0.0223|
KL coef: 0.7872742967709813
Train loss (one batch): -0.013360381126403809
Train CE loss (one batch): 0.0
Test MSE: 0.0002
Poisson likelihood: 0.0
CE loss: 0.0
Experiment sine2_flow_coupling_extrap
Epoch 0165 [Test seq (cond on sampled tp)] | Loss -0.135743 | Likelihood 2.858155 | KL fp 4.8409 | FP STD 0.0222|
KL coef: 0.7894015538032715
Train loss (one batch): -0.09478199481964111
Train CE loss (one batch): 0.0
Test MSE: 0.0002
Poisson likelihood: 0.0
CE loss: 0.0
Experiment sine2_flow_coupling_extrap
Epoch 0166 [Test seq (cond on sampled tp)] | Loss -0.134859 | Likelihood 2.867913 | KL fp 4.8411 | FP STD 0.0222|
KL coef: 0.7915075382652388
Train loss (one batch): -0.10347414016723633
Train CE loss (one batch): 0.0
Test MSE: 0.0002
Poisson likelihood: 0.0
CE loss: 0.0
Experiment sine2_flow_coupling_extrap
Epoch 0167 [Test seq (cond on sampled tp)] | Loss -0.191696 | Likelihood 2.917002 | KL fp 4.8187 | FP STD 0.0224|
KL coef: 0.7935924628825863
Train loss (one batch): -0.014958381652832031
Train CE loss (one batch): 0.0
Test MSE: 0.0002
Poisson likelihood: 0.0
CE loss: 0.0
Experiment sine2_flow_coupling_extrap
Epoch 0168 [Test seq (cond on sampled tp)] | Loss -0.122693 | Likelihood 2.865434 | KL fp 4.8282 | FP STD 0.0222|
KL coef: 0.7956565382537605
Train loss (one batch): 0.09106123447418213
Train CE loss (one batch): 0.0
Test MSE: 0.0002
Poisson likelihood: 0.0
CE loss: 0.0
Experiment sine2_flow_coupling_extrap
Epoch 0169 [Test seq (cond on sampled tp)] | Loss -0.181876 | Likelihood 2.926932 | KL fp 4.8189 | FP STD 0.0225|
KL coef: 0.7976999728712229
Train loss (one batch): -0.06225466728210449
Train CE loss (one batch): 0.0
Test MSE: 0.0002
Poisson likelihood: 0.0
CE loss: 0.0
Experiment sine2_flow_coupling_extrap
Epoch 0170 [Test seq (cond on sampled tp)] | Loss -0.144267 | Likelihood 2.895447 | KL fp 4.8144 | FP STD 0.0222|
KL coef: 0.7997229731425107
Train loss (one batch): -0.11582338809967041
Train CE loss (one batch): 0.0
Test MSE: 0.0002
Poisson likelihood: 0.0
CE loss: 0.0
Experiment sine2_flow_coupling_extrap
Epoch 0171 [Test seq (cond on sampled tp)] | Loss -0.072267 | Likelihood 2.802191 | KL fp 4.7755 | FP STD 0.0229|
KL coef: 0.8017257434110856
Train loss (one batch): -0.07393860816955566
Train CE loss (one batch): 0.0
Test MSE: 0.0002
Poisson likelihood: 0.0
CE loss: 0.0
Experiment sine2_flow_coupling_extrap
Epoch 0172 [Test seq (cond on sampled tp)] | Loss -0.190877 | Likelihood 2.939668 | KL fp 4.7877 | FP STD 0.0225|
KL coef: 0.8037084859769748
Train loss (one batch): -0.1134185791015625
Train CE loss (one batch): 0.0
Test MSE: 0.0001
Poisson likelihood: 0.0
CE loss: 0.0
Experiment sine2_flow_coupling_extrap
Epoch 0173 [Test seq (cond on sampled tp)] | Loss -0.010571 | Likelihood 2.786947 | KL fp 4.8103 | FP STD 0.0222|
KL coef: 0.805671401117205
Train loss (one batch): -0.10708308219909668
Train CE loss (one batch): 0.0
Test MSE: 0.0002
Poisson likelihood: 0.0
CE loss: 0.0
Experiment sine2_flow_coupling_extrap
Epoch 0174 [Test seq (cond on sampled tp)] | Loss -0.160235 | Likelihood 2.892343 | KL fp 4.7434 | FP STD 0.0233|
KL coef: 0.8076146871060329
Train loss (one batch): -0.05068004131317139
Train CE loss (one batch): 0.0
Test MSE: 0.0002
Poisson likelihood: 0.0
CE loss: 0.0
Experiment sine2_flow_coupling_extrap
Epoch 0175 [Test seq (cond on sampled tp)] | Loss -0.152184 | Likelihood 2.925448 | KL fp 4.7830 | FP STD 0.0225|
KL coef: 0.8095385402349726
Train loss (one batch): -0.10876333713531494
Train CE loss (one batch): 0.0
Test MSE: 0.0002
Poisson likelihood: 0.0
CE loss: 0.0
Experiment sine2_flow_coupling_extrap
Epoch 0176 [Test seq (cond on sampled tp)] | Loss -0.011679 | Likelihood 2.784506 | KL fp 4.7717 | FP STD 0.0227|
KL coef: 0.8114431548326229
Train loss (one batch): -0.057861924171447754
Train CE loss (one batch): 0.0
Test MSE: 0.0002
Poisson likelihood: 0.0
CE loss: 0.0
Experiment sine2_flow_coupling_extrap
Epoch 0177 [Test seq (cond on sampled tp)] | Loss -0.120923 | Likelihood 2.909161 | KL fp 4.7809 | FP STD 0.0225|
KL coef: 0.8133287232842966
Train loss (one batch): 0.04825317859649658
Train CE loss (one batch): 0.0
Test MSE: 0.0002
Poisson likelihood: 0.0
CE loss: 0.0
Experiment sine2_flow_coupling_extrap
Epoch 0178 [Test seq (cond on sampled tp)] | Loss -0.107344 | Likelihood 2.921799 | KL fp 4.8002 | FP STD 0.0224|
KL coef: 0.8151954360514537
Train loss (one batch): 0.005585432052612305
Train CE loss (one batch): 0.0
Test MSE: 0.0002
Poisson likelihood: 0.0
CE loss: 0.0
Experiment sine2_flow_coupling_extrap
Epoch 0179 [Test seq (cond on sampled tp)] | Loss -0.169479 | Likelihood 2.993604 | KL fp 4.8017 | FP STD 0.0221|
KL coef: 0.8170434816909391
Train loss (one batch): 0.049817800521850586
Train CE loss (one batch): 0.0
Test MSE: 0.0001
Poisson likelihood: 0.0
CE loss: 0.0
Experiment sine2_flow_coupling_extrap
Epoch 0180 [Test seq (cond on sampled tp)] | Loss -0.158713 | Likelihood 2.960196 | KL fp 4.7631 | FP STD 0.0225|
KL coef: 0.8188730468740297
Train loss (one batch): 0.00492250919342041
Train CE loss (one batch): 0.0
Test MSE: 0.0001
Poisson likelihood: 0.0
CE loss: 0.0
Experiment sine2_flow_coupling_extrap
Epoch 0181 [Test seq (cond on sampled tp)] | Loss -0.157000 | Likelihood 2.968526 | KL fp 4.7645 | FP STD 0.0230|
KL coef: 0.8206843164052895
Train loss (one batch): -0.10129189491271973
Train CE loss (one batch): 0.0
Test MSE: 0.0001
Poisson likelihood: 0.0
CE loss: 0.0
Experiment sine2_flow_coupling_extrap
Epoch 0182 [Test seq (cond on sampled tp)] | Loss -0.057757 | Likelihood 2.883081 | KL fp 4.7709 | FP STD 0.0224|
KL coef: 0.8224774732412365
Train loss (one batch): -0.09641265869140625
Train CE loss (one batch): 0.0
Test MSE: 0.0002
Poisson likelihood: 0.0
CE loss: 0.0
Experiment sine2_flow_coupling_extrap
Epoch 0183 [Test seq (cond on sampled tp)] | Loss -0.152181 | Likelihood 2.962199 | KL fp 4.7424 | FP STD 0.0230|
KL coef: 0.8242526985088242
Train loss (one batch): 0.09766054153442383
Train CE loss (one batch): 0.0
Test MSE: 0.0001
Poisson likelihood: 0.0
CE loss: 0.0
Experiment sine2_flow_coupling_extrap
Epoch 0184 [Test seq (cond on sampled tp)] | Loss 0.137897 | Likelihood 2.623115 | KL fp 4.6732 | FP STD 0.0238|
KL coef: 0.826010171523736
Train loss (one batch): -0.14740419387817383
Train CE loss (one batch): 0.0
Test MSE: 0.0002
Poisson likelihood: 0.0
CE loss: 0.0
Experiment sine2_flow_coupling_extrap
Epoch 0185 [Test seq (cond on sampled tp)] | Loss -0.093241 | Likelihood 2.920803 | KL fp 4.7433 | FP STD 0.0225|
KL coef: 0.8277500698084986
Train loss (one batch): 0.04177582263946533
Train CE loss (one batch): 0.0
Test MSE: 0.0002
Poisson likelihood: 0.0
CE loss: 0.0
Experiment sine2_flow_coupling_extrap
Epoch 0186 [Test seq (cond on sampled tp)] | Loss 0.069707 | Likelihood 2.733509 | KL fp 4.7049 | FP STD 0.0233|
KL coef: 0.8294725691104137
Train loss (one batch): -0.040839433670043945
Train CE loss (one batch): 0.0
Test MSE: 0.0002
Poisson likelihood: 0.0
CE loss: 0.0
Experiment sine2_flow_coupling_extrap
Epoch 0187 [Test seq (cond on sampled tp)] | Loss -0.142674 | Likelihood 2.972020 | KL fp 4.7260 | FP STD 0.0230|
KL coef: 0.8311778434193096
Train loss (one batch): -0.07051742076873779
Train CE loss (one batch): 0.0
Test MSE: 0.0001
Poisson likelihood: 0.0
CE loss: 0.0
Experiment sine2_flow_coupling_extrap
Epoch 0188 [Test seq (cond on sampled tp)] | Loss -0.092956 | Likelihood 2.918998 | KL fp 4.7123 | FP STD 0.0231|
KL coef: 0.8328660649851164
Train loss (one batch): -0.0006223917007446289
Train CE loss (one batch): 0.0
Test MSE: 0.0002
Poisson likelihood: 0.0
CE loss: 0.0
Experiment sine2_flow_coupling_extrap
Epoch 0189 [Test seq (cond on sampled tp)] | Loss -0.041518 | Likelihood 2.818980 | KL fp 4.6454 | FP STD 0.0241|
KL coef: 0.8345374043352652
Train loss (one batch): -0.10449910163879395
Train CE loss (one batch): 0.0
Test MSE: 0.0002
Poisson likelihood: 0.0
CE loss: 0.0
Experiment sine2_flow_coupling_extrap
Epoch 0190 [Test seq (cond on sampled tp)] | Loss 0.094005 | Likelihood 2.746327 | KL fp 4.7106 | FP STD 0.0229|
KL coef: 0.8361920302919126
Train loss (one batch): -0.00041484832763671875
Train CE loss (one batch): 0.0
Test MSE: 0.0002
Poisson likelihood: 0.0
CE loss: 0.0
Experiment sine2_flow_coupling_extrap
Epoch 0191 [Test seq (cond on sampled tp)] | Loss -0.139508 | Likelihood 2.942689 | KL fp 4.6572 | FP STD 0.0239|
KL coef: 0.8378301099889934
Train loss (one batch): 0.0190049409866333
Train CE loss (one batch): 0.0
Test MSE: 0.0001
Poisson likelihood: 0.0
CE loss: 0.0
Experiment sine2_flow_coupling_extrap
Epoch 0192 [Test seq (cond on sampled tp)] | Loss 0.018912 | Likelihood 2.831664 | KL fp 4.7050 | FP STD 0.0226|
KL coef: 0.8394518088891035
Train loss (one batch): -0.0313795804977417
Train CE loss (one batch): 0.0
Test MSE: 0.0002
Poisson likelihood: 0.0
CE loss: 0.0
Experiment sine2_flow_coupling_extrap
Epoch 0193 [Test seq (cond on sampled tp)] | Loss -0.115160 | Likelihood 2.972898 | KL fp 4.7044 | FP STD 0.0228|
KL coef: 0.8410572908002125
Train loss (one batch): -0.06688201427459717
Train CE loss (one batch): 0.0
Test MSE: 0.0001
Poisson likelihood: 0.0
CE loss: 0.0
Experiment sine2_flow_coupling_extrap
Epoch 0194 [Test seq (cond on sampled tp)] | Loss 0.036879 | Likelihood 2.790507 | KL fp 4.6597 | FP STD 0.0235|
KL coef: 0.8426467178922104
Train loss (one batch): -0.052942514419555664
Train CE loss (one batch): 0.0
Test MSE: 0.0002
Poisson likelihood: 0.0
CE loss: 0.0
Experiment sine2_flow_coupling_extrap
Epoch 0195 [Test seq (cond on sampled tp)] | Loss -0.049314 | Likelihood 2.900578 | KL fp 4.6790 | FP STD 0.0232|
KL coef: 0.8442202507132883
Train loss (one batch): -0.07307970523834229
Train CE loss (one batch): 0.0
Test MSE: 0.0002
Poisson likelihood: 0.0
CE loss: 0.0
Experiment sine2_flow_coupling_extrap
Epoch 0196 [Test seq (cond on sampled tp)] | Loss -0.086026 | Likelihood 2.886103 | KL fp 4.6102 | FP STD 0.0243|
KL coef: 0.8457780482061554
Train loss (one batch): 0.05433070659637451
Train CE loss (one batch): 0.0
Test MSE: 0.0002
Poisson likelihood: 0.0
CE loss: 0.0
Experiment sine2_flow_coupling_extrap
Epoch 0197 [Test seq (cond on sampled tp)] | Loss -0.105399 | Likelihood 2.975230 | KL fp 4.6844 | FP STD 0.0232|
KL coef: 0.8473202677240939
Train loss (one batch): -0.033699989318847656
Train CE loss (one batch): 0.0
Test MSE: 0.0001
Poisson likelihood: 0.0
CE loss: 0.0
Experiment sine2_flow_coupling_extrap
Epoch 0198 [Test seq (cond on sampled tp)] | Loss -0.099621 | Likelihood 2.918058 | KL fp 4.6147 | FP STD 0.0240|
KL coef: 0.8488470650468529
Train loss (one batch): 0.053697824478149414
Train CE loss (one batch): 0.0
Test MSE: 0.0002
Poisson likelihood: 0.0
CE loss: 0.0
Experiment sine2_flow_coupling_extrap
Epoch 0199 [Test seq (cond on sampled tp)] | Loss -0.118882 | Likelihood 2.969168 | KL fp 4.6446 | FP STD 0.0237|
KL coef: 0.8503585943963844
Train loss (one batch): 0.07048296928405762
Train CE loss (one batch): 0.0
Test MSE: 0.0001
Poisson likelihood: 0.0
CE loss: 0.0
Experiment sine2_flow_coupling_extrap
Epoch 0200 [Test seq (cond on sampled tp)] | Loss -0.104504 | Likelihood 2.973011 | KL fp 4.6572 | FP STD 0.0233|
KL coef: 0.8518550084524206
Train loss (one batch): 0.023471593856811523
Train CE loss (one batch): 0.0
Test MSE: 0.0001
Poisson likelihood: 0.0
CE loss: 0.0
