/Users/bb/Desktop/UCSD/Quarters/22Fall/CSE291/latent_ode/run_models.py
run_models.py --latent-ode --noise-weight 0.01 --viz --data sir --extrap --z0-encoder flow --wandb 1
Experiment sir_flow_coupling_extrap
Epoch 0001 [Test seq (cond on sampled tp)] | Loss 17.966820 | Likelihood -19.133406 | KL fp 3.5669 | FP STD 0.1130|
KL coef: 0.0
Train loss (one batch): 22.913375854492188
Train CE loss (one batch): 0.0
Test MSE: 0.0046
Poisson likelihood: 0.0
CE loss: 0.0
Experiment sir_flow_coupling_extrap
Epoch 0002 [Test seq (cond on sampled tp)] | Loss 8.958579 | Likelihood -10.062336 | KL fp 4.0987 | FP STD 0.0326|
KL coef: 0.0
Train loss (one batch): 11.480451583862305
Train CE loss (one batch): 0.0
Test MSE: 0.0027
Poisson likelihood: 0.0
CE loss: 0.0
Experiment sir_flow_coupling_extrap
Epoch 0003 [Test seq (cond on sampled tp)] | Loss 5.768672 | Likelihood -6.869658 | KL fp 5.0656 | FP STD 0.0183|
KL coef: 0.0
Train loss (one batch): 8.418556213378906
Train CE loss (one batch): 0.0
Test MSE: 0.0021
Poisson likelihood: 0.0
CE loss: 0.0
Experiment sir_flow_coupling_extrap
Epoch 0004 [Test seq (cond on sampled tp)] | Loss 4.559713 | Likelihood -5.661244 | KL fp 4.9791 | FP STD 0.0142|
KL coef: 0.0
Train loss (one batch): 7.315993309020996
Train CE loss (one batch): 0.0
Test MSE: 0.0019
Poisson likelihood: 0.0
CE loss: 0.0
Experiment sir_flow_coupling_extrap
Epoch 0005 [Test seq (cond on sampled tp)] | Loss 4.312482 | Likelihood -5.411680 | KL fp 4.8783 | FP STD 0.0151|
KL coef: 0.0
Train loss (one batch): 6.681881427764893
Train CE loss (one batch): 0.0
Test MSE: 0.0018
Poisson likelihood: 0.0
CE loss: 0.0
Experiment sir_flow_coupling_extrap
Epoch 0006 [Test seq (cond on sampled tp)] | Loss 3.983843 | Likelihood -5.082522 | KL fp 5.6387 | FP STD 0.0100|
KL coef: 0.0
Train loss (one batch): 7.030130863189697
Train CE loss (one batch): 0.0
Test MSE: 0.0018
Poisson likelihood: 0.0
CE loss: 0.0
Experiment sir_flow_coupling_extrap
Epoch 0007 [Test seq (cond on sampled tp)] | Loss 3.799434 | Likelihood -4.902431 | KL fp 4.6035 | FP STD 0.0230|
KL coef: 0.0
Train loss (one batch): 6.541492462158203
Train CE loss (one batch): 0.0
Test MSE: 0.0017
Poisson likelihood: 0.0
CE loss: 0.0
Experiment sir_flow_coupling_extrap
Epoch 0008 [Test seq (cond on sampled tp)] | Loss 3.412413 | Likelihood -4.511190 | KL fp 5.4401 | FP STD 0.0101|
KL coef: 0.0
Train loss (one batch): 5.857684135437012
Train CE loss (one batch): 0.0
Test MSE: 0.0016
Poisson likelihood: 0.0
CE loss: 0.0
Experiment sir_flow_coupling_extrap
Epoch 0009 [Test seq (cond on sampled tp)] | Loss 2.962909 | Likelihood -4.061733 | KL fp 5.5646 | FP STD 0.0105|
KL coef: 0.0
Train loss (one batch): 5.6073455810546875
Train CE loss (one batch): 0.0
Test MSE: 0.0015
Poisson likelihood: 0.0
CE loss: 0.0
Experiment sir_flow_coupling_extrap
Epoch 0010 [Test seq (cond on sampled tp)] | Loss 2.567519 | Likelihood -3.666515 | KL fp 5.1478 | FP STD 0.0150|
KL coef: 0.0
Train loss (one batch): 4.68106746673584
Train CE loss (one batch): 0.0
Test MSE: 0.0015
Poisson likelihood: 0.0
CE loss: 0.0
Experiment sir_flow_coupling_extrap
Epoch 0011 [Test seq (cond on sampled tp)] | Loss 2.384943 | Likelihood -3.436546 | KL fp 4.9779 | FP STD 0.0174|
KL coef: 0.010000000000000009
Train loss (one batch): 5.730898857116699
Train CE loss (one batch): 0.0
Test MSE: 0.0014
Poisson likelihood: 0.0
CE loss: 0.0
Experiment sir_flow_coupling_extrap
Epoch 0012 [Test seq (cond on sampled tp)] | Loss 1.662660 | Likelihood -2.672330 | KL fp 4.6813 | FP STD 0.0234|
KL coef: 0.01990000000000003
Train loss (one batch): 3.5361990928649902
Train CE loss (one batch): 0.0
Test MSE: 0.0013
Poisson likelihood: 0.0
CE loss: 0.0
Experiment sir_flow_coupling_extrap
Epoch 0013 [Test seq (cond on sampled tp)] | Loss 0.970521 | Likelihood -1.943591 | KL fp 4.3623 | FP STD 0.0317|
KL coef: 0.029700999999999977
Train loss (one batch): 4.053749084472656
Train CE loss (one batch): 0.0
Test MSE: 0.0011
Poisson likelihood: 0.0
CE loss: 0.0
Experiment sir_flow_coupling_extrap
Epoch 0014 [Test seq (cond on sampled tp)] | Loss 1.061784 | Likelihood -2.018821 | KL fp 3.6707 | FP STD 0.0891|
KL coef: 0.039403990000000055
Train loss (one batch): 2.4851229190826416
Train CE loss (one batch): 0.0
Test MSE: 0.0011
Poisson likelihood: 0.0
CE loss: 0.0
Experiment sir_flow_coupling_extrap
Epoch 0015 [Test seq (cond on sampled tp)] | Loss 0.461535 | Likelihood -1.343702 | KL fp 4.4194 | FP STD 0.0375|
KL coef: 0.04900995010000009
Train loss (one batch): 2.0159969329833984
Train CE loss (one batch): 0.0
Test MSE: 0.0010
Poisson likelihood: 0.0
CE loss: 0.0
Experiment sir_flow_coupling_extrap
Epoch 0016 [Test seq (cond on sampled tp)] | Loss -0.625733 | Likelihood -0.195139 | KL fp 4.7535 | FP STD 0.0260|
KL coef: 0.058519850599
Train loss (one batch): 0.11918890476226807
Train CE loss (one batch): 0.0
Test MSE: 0.0008
Poisson likelihood: 0.0
CE loss: 0.0
Experiment sir_flow_coupling_extrap
Epoch 0017 [Test seq (cond on sampled tp)] | Loss -0.543636 | Likelihood -0.290675 | KL fp 3.9034 | FP STD 0.0433|
KL coef: 0.06793465209301008
Train loss (one batch): 0.012234389781951904
Train CE loss (one batch): 0.0
Test MSE: 0.0008
Poisson likelihood: 0.0
CE loss: 0.0
Experiment sir_flow_coupling_extrap
Epoch 0018 [Test seq (cond on sampled tp)] | Loss -0.685441 | Likelihood -0.043360 | KL fp 4.7979 | FP STD 0.0248|
KL coef: 0.07725530557207994
Train loss (one batch): -0.3386857509613037
Train CE loss (one batch): 0.0
Test MSE: 0.0007
Poisson likelihood: 0.0
CE loss: 0.0
Experiment sir_flow_coupling_extrap
Epoch 0019 [Test seq (cond on sampled tp)] | Loss -0.947977 | Likelihood 0.241120 | KL fp 4.5378 | FP STD 0.0247|
KL coef: 0.08648275251635917
Train loss (one batch): -0.29730403423309326
Train CE loss (one batch): 0.0
Test MSE: 0.0007
Poisson likelihood: 0.0
CE loss: 0.0
Experiment sir_flow_coupling_extrap
Epoch 0020 [Test seq (cond on sampled tp)] | Loss -0.882010 | Likelihood 0.187741 | KL fp 4.2427 | FP STD 0.0335|
KL coef: 0.09561792499119559
Train loss (one batch): -0.28151947259902954
Train CE loss (one batch): 0.0
Test MSE: 0.0007
Poisson likelihood: 0.0
CE loss: 0.0
Experiment sir_flow_coupling_extrap
Epoch 0021 [Test seq (cond on sampled tp)] | Loss -0.560241 | Likelihood -0.112583 | KL fp 4.0998 | FP STD 0.0439|
KL coef: 0.10466174574128362
Train loss (one batch): -0.3740804195404053
Train CE loss (one batch): 0.0
Test MSE: 0.0008
Poisson likelihood: 0.0
CE loss: 0.0
Experiment sir_flow_coupling_extrap
Epoch 0022 [Test seq (cond on sampled tp)] | Loss -0.874950 | Likelihood 0.255508 | KL fp 4.2189 | FP STD 0.0371|
KL coef: 0.11361512828387077
Train loss (one batch): 0.3232195973396301
Train CE loss (one batch): 0.0
Test MSE: 0.0007
Poisson likelihood: 0.0
CE loss: 0.0
Experiment sir_flow_coupling_extrap
Epoch 0023 [Test seq (cond on sampled tp)] | Loss -1.245666 | Likelihood 0.711627 | KL fp 4.6135 | FP STD 0.0243|
KL coef: 0.12247897700103216
Train loss (one batch): -0.9299306869506836
Train CE loss (one batch): 0.0
Test MSE: 0.0006
Poisson likelihood: 0.0
CE loss: 0.0
Experiment sir_flow_coupling_extrap
Epoch 0024 [Test seq (cond on sampled tp)] | Loss -1.216583 | Likelihood 0.668814 | KL fp 4.1976 | FP STD 0.0333|
KL coef: 0.13125418723102178
Train loss (one batch): -0.8062791228294373
Train CE loss (one batch): 0.0
Test MSE: 0.0006
Poisson likelihood: 0.0
CE loss: 0.0
Experiment sir_flow_coupling_extrap
Epoch 0025 [Test seq (cond on sampled tp)] | Loss 0.385277 | Likelihood -0.988254 | KL fp 3.5818 | FP STD 0.0735|
KL coef: 0.13994164535871156
Train loss (one batch): 0.8076490759849548
Train CE loss (one batch): 0.0
Test MSE: 0.0009
Poisson likelihood: 0.0
CE loss: 0.0
Experiment sir_flow_coupling_extrap
Epoch 0026 [Test seq (cond on sampled tp)] | Loss -0.645881 | Likelihood 0.146538 | KL fp 4.0453 | FP STD 0.0404|
KL coef: 0.14854222890512447
Train loss (one batch): -0.5683799982070923
Train CE loss (one batch): 0.0
Test MSE: 0.0007
Poisson likelihood: 0.0
CE loss: 0.0
Experiment sir_flow_coupling_extrap
Epoch 0027 [Test seq (cond on sampled tp)] | Loss -1.427752 | Likelihood 1.015584 | KL fp 4.3774 | FP STD 0.0299|
KL coef: 0.15705680661607324
Train loss (one batch): -1.2671375274658203
Train CE loss (one batch): 0.0
Test MSE: 0.0005
Poisson likelihood: 0.0
CE loss: 0.0
Experiment sir_flow_coupling_extrap
Epoch 0028 [Test seq (cond on sampled tp)] | Loss -1.433712 | Likelihood 1.032685 | KL fp 4.2246 | FP STD 0.0340|
KL coef: 0.1654862385499125
Train loss (one batch): -1.3580348491668701
Train CE loss (one batch): 0.0
Test MSE: 0.0005
Poisson likelihood: 0.0
CE loss: 0.0
Experiment sir_flow_coupling_extrap
Epoch 0029 [Test seq (cond on sampled tp)] | Loss -1.717852 | Likelihood 1.408722 | KL fp 4.5421 | FP STD 0.0237|
KL coef: 0.17383137616441335
Train loss (one batch): -1.5904226303100586
Train CE loss (one batch): 0.0
Test MSE: 0.0005
Poisson likelihood: 0.0
CE loss: 0.0
Experiment sir_flow_coupling_extrap
Epoch 0030 [Test seq (cond on sampled tp)] | Loss -1.735608 | Likelihood 1.470507 | KL fp 4.5794 | FP STD 0.0228|
KL coef: 0.18209306240276923
Train loss (one batch): -1.7825477123260498
Train CE loss (one batch): 0.0
Test MSE: 0.0004
Poisson likelihood: 0.0
CE loss: 0.0
Experiment sir_flow_coupling_extrap
Epoch 0031 [Test seq (cond on sampled tp)] | Loss -1.837767 | Likelihood 1.602882 | KL fp 4.5400 | FP STD 0.0233|
KL coef: 0.19027213177874158
Train loss (one batch): -1.7735167741775513
Train CE loss (one batch): 0.0
Test MSE: 0.0004
Poisson likelihood: 0.0
CE loss: 0.0
Experiment sir_flow_coupling_extrap
Epoch 0032 [Test seq (cond on sampled tp)] | Loss -1.899130 | Likelihood 1.659006 | KL fp 4.3294 | FP STD 0.0272|
KL coef: 0.19836941046095413
Train loss (one batch): -1.9310731887817383
Train CE loss (one batch): 0.0
Test MSE: 0.0004
Poisson likelihood: 0.0
CE loss: 0.0
Experiment sir_flow_coupling_extrap
Epoch 0033 [Test seq (cond on sampled tp)] | Loss -1.848792 | Likelihood 1.640605 | KL fp 4.3151 | FP STD 0.0269|
KL coef: 0.20638571635634462
Train loss (one batch): -1.9427788257598877
Train CE loss (one batch): 0.0
Test MSE: 0.0004
Poisson likelihood: 0.0
CE loss: 0.0
Experiment sir_flow_coupling_extrap
Epoch 0034 [Test seq (cond on sampled tp)] | Loss -1.936742 | Likelihood 1.796402 | KL fp 4.4718 | FP STD 0.0237|
KL coef: 0.21432185919278124
Train loss (one batch): -2.0613842010498047
Train CE loss (one batch): 0.0
Test MSE: 0.0004
Poisson likelihood: 0.0
CE loss: 0.0
Experiment sir_flow_coupling_extrap
Epoch 0035 [Test seq (cond on sampled tp)] | Loss -0.893470 | Likelihood 0.644161 | KL fp 3.9435 | FP STD 0.0522|
KL coef: 0.22217864060085335
Train loss (one batch): -1.291153073310852
Train CE loss (one batch): 0.0
Test MSE: 0.0006
Poisson likelihood: 0.0
CE loss: 0.0
Experiment sir_flow_coupling_extrap
Epoch 0036 [Test seq (cond on sampled tp)] | Loss -1.724762 | Likelihood 1.545928 | KL fp 4.0103 | FP STD 0.0399|
KL coef: 0.2299568541948449
Train loss (one batch): -1.5974469184875488
Train CE loss (one batch): 0.0
Test MSE: 0.0004
Poisson likelihood: 0.0
CE loss: 0.0
Experiment sir_flow_coupling_extrap
Epoch 0037 [Test seq (cond on sampled tp)] | Loss -1.907614 | Likelihood 1.824700 | KL fp 4.2741 | FP STD 0.0290|
KL coef: 0.23765728565289646
Train loss (one batch): -1.9856098890304565
Train CE loss (one batch): 0.0
Test MSE: 0.0004
Poisson likelihood: 0.0
CE loss: 0.0
Experiment sir_flow_coupling_extrap
Epoch 0038 [Test seq (cond on sampled tp)] | Loss -1.786510 | Likelihood 1.686517 | KL fp 4.0731 | FP STD 0.0363|
KL coef: 0.24528071279636743
Train loss (one batch): -1.905163049697876
Train CE loss (one batch): 0.0
Test MSE: 0.0004
Poisson likelihood: 0.0
CE loss: 0.0
Experiment sir_flow_coupling_extrap
Epoch 0039 [Test seq (cond on sampled tp)] | Loss -1.873526 | Likelihood 1.842541 | KL fp 4.2233 | FP STD 0.0291|
KL coef: 0.25282790566840385
Train loss (one batch): -2.075282573699951
Train CE loss (one batch): 0.0
Test MSE: 0.0004
Poisson likelihood: 0.0
CE loss: 0.0
Experiment sir_flow_coupling_extrap
Epoch 0040 [Test seq (cond on sampled tp)] | Loss -1.921140 | Likelihood 1.944101 | KL fp 4.3099 | FP STD 0.0273|
KL coef: 0.2602996266117198
Train loss (one batch): -2.153766632080078
Train CE loss (one batch): 0.0
Test MSE: 0.0003
Poisson likelihood: 0.0
CE loss: 0.0
Experiment sir_flow_coupling_extrap
Epoch 0041 [Test seq (cond on sampled tp)] | Loss -1.870240 | Likelihood 1.917559 | KL fp 4.2815 | FP STD 0.0280|
KL coef: 0.26769663034560254
Train loss (one batch): -2.097872495651245
Train CE loss (one batch): 0.0
Test MSE: 0.0004
Poisson likelihood: 0.0
CE loss: 0.0
Experiment sir_flow_coupling_extrap
Epoch 0042 [Test seq (cond on sampled tp)] | Loss -1.947971 | Likelihood 2.026596 | KL fp 4.2841 | FP STD 0.0276|
KL coef: 0.2750196640421466
Train loss (one batch): -2.023909091949463
Train CE loss (one batch): 0.0
Test MSE: 0.0003
Poisson likelihood: 0.0
CE loss: 0.0
Experiment sir_flow_coupling_extrap
Epoch 0043 [Test seq (cond on sampled tp)] | Loss -1.955602 | Likelihood 2.059392 | KL fp 4.2600 | FP STD 0.0287|
KL coef: 0.2822694674017251
Train loss (one batch): -2.088432550430298
Train CE loss (one batch): 0.0
Test MSE: 0.0003
Poisson likelihood: 0.0
CE loss: 0.0
Experiment sir_flow_coupling_extrap
Epoch 0044 [Test seq (cond on sampled tp)] | Loss -1.889167 | Likelihood 2.011072 | KL fp 4.2198 | FP STD 0.0293|
KL coef: 0.2894467727277079
Train loss (one batch): -2.0860371589660645
Train CE loss (one batch): 0.0
Test MSE: 0.0003
Poisson likelihood: 0.0
CE loss: 0.0
Experiment sir_flow_coupling_extrap
Epoch 0045 [Test seq (cond on sampled tp)] | Loss -1.918349 | Likelihood 2.062439 | KL fp 4.1911 | FP STD 0.0302|
KL coef: 0.29655230500043084
Train loss (one batch): -2.0796961784362793
Train CE loss (one batch): 0.0
Test MSE: 0.0003
Poisson likelihood: 0.0
CE loss: 0.0
Experiment sir_flow_coupling_extrap
Epoch 0046 [Test seq (cond on sampled tp)] | Loss -1.881058 | Likelihood 2.039706 | KL fp 4.1418 | FP STD 0.0325|
KL coef: 0.30358678195042654
Train loss (one batch): -2.123424530029297
Train CE loss (one batch): 0.0
Test MSE: 0.0003
Poisson likelihood: 0.0
CE loss: 0.0
Experiment sir_flow_coupling_extrap
Epoch 0047 [Test seq (cond on sampled tp)] | Loss -1.879764 | Likelihood 2.058033 | KL fp 4.1157 | FP STD 0.0328|
KL coef: 0.3105509141309223
Train loss (one batch): -1.9756916761398315
Train CE loss (one batch): 0.0
Test MSE: 0.0003
Poisson likelihood: 0.0
CE loss: 0.0
Experiment sir_flow_coupling_extrap
Epoch 0048 [Test seq (cond on sampled tp)] | Loss -1.947558 | Likelihood 2.168270 | KL fp 4.1563 | FP STD 0.0314|
KL coef: 0.31744540498961304
Train loss (one batch): -2.0579280853271484
Train CE loss (one batch): 0.0
Test MSE: 0.0003
Poisson likelihood: 0.0
CE loss: 0.0
Experiment sir_flow_coupling_extrap
Epoch 0049 [Test seq (cond on sampled tp)] | Loss -1.909367 | Likelihood 2.168298 | KL fp 4.1868 | FP STD 0.0304|
KL coef: 0.3242709509397169
Train loss (one batch): -2.1092758178710938
Train CE loss (one batch): 0.0
Test MSE: 0.0003
Poisson likelihood: 0.0
CE loss: 0.0
Experiment sir_flow_coupling_extrap
Epoch 0050 [Test seq (cond on sampled tp)] | Loss -1.942663 | Likelihood 2.221803 | KL fp 4.1637 | FP STD 0.0313|
KL coef: 0.3310282414303197
Train loss (one batch): -2.025495767593384
Train CE loss (one batch): 0.0
Test MSE: 0.0003
Poisson likelihood: 0.0
CE loss: 0.0
Experiment sir_flow_coupling_extrap
Epoch 0051 [Test seq (cond on sampled tp)] | Loss -1.942591 | Likelihood 2.230641 | KL fp 4.1060 | FP STD 0.0330|
KL coef: 0.33771795901601653
Train loss (one batch): -2.1134605407714844
Train CE loss (one batch): 0.0
Test MSE: 0.0003
Poisson likelihood: 0.0
CE loss: 0.0
Experiment sir_flow_coupling_extrap
Epoch 0052 [Test seq (cond on sampled tp)] | Loss -2.005957 | Likelihood 2.315337 | KL fp 4.0894 | FP STD 0.0334|
KL coef: 0.3443407794258564
Train loss (one batch): -2.139669895172119
Train CE loss (one batch): 0.0
Test MSE: 0.0003
Poisson likelihood: 0.0
CE loss: 0.0
Experiment sir_flow_coupling_extrap
Epoch 0053 [Test seq (cond on sampled tp)] | Loss -1.977458 | Likelihood 2.327522 | KL fp 4.1286 | FP STD 0.0318|
KL coef: 0.35089737163159784
Train loss (one batch): -2.164933204650879
Train CE loss (one batch): 0.0
Test MSE: 0.0003
Poisson likelihood: 0.0
CE loss: 0.0
Experiment sir_flow_coupling_extrap
Epoch 0054 [Test seq (cond on sampled tp)] | Loss -1.956437 | Likelihood 2.329211 | KL fp 4.1182 | FP STD 0.0323|
KL coef: 0.3573883979152819
Train loss (one batch): -2.125382661819458
Train CE loss (one batch): 0.0
Test MSE: 0.0003
Poisson likelihood: 0.0
CE loss: 0.0
Experiment sir_flow_coupling_extrap
Epoch 0055 [Test seq (cond on sampled tp)] | Loss -2.031931 | Likelihood 2.506577 | KL fp 4.3245 | FP STD 0.0284|
KL coef: 0.36381451393612907
Train loss (one batch): -2.1680002212524414
Train CE loss (one batch): 0.0
Test MSE: 0.0002
Poisson likelihood: 0.0
CE loss: 0.0
Experiment sir_flow_coupling_extrap
Epoch 0056 [Test seq (cond on sampled tp)] | Loss -1.923513 | Likelihood 2.320969 | KL fp 4.0421 | FP STD 0.0358|
KL coef: 0.37017636879676774
Train loss (one batch): -2.0899953842163086
Train CE loss (one batch): 0.0
Test MSE: 0.0003
Poisson likelihood: 0.0
CE loss: 0.0
Experiment sir_flow_coupling_extrap
Epoch 0057 [Test seq (cond on sampled tp)] | Loss -1.092387 | Likelihood 1.455698 | KL fp 3.8843 | FP STD 0.0557|
KL coef: 0.37647460510880004
Train loss (one batch): -1.494884729385376
Train CE loss (one batch): 0.0
Test MSE: 0.0004
Poisson likelihood: 0.0
CE loss: 0.0
Experiment sir_flow_coupling_extrap
Epoch 0058 [Test seq (cond on sampled tp)] | Loss -2.060879 | Likelihood 2.572312 | KL fp 4.2083 | FP STD 0.0318|
KL coef: 0.38270985905771204
Train loss (one batch): -2.071774482727051
Train CE loss (one batch): 0.0
Test MSE: 0.0002
Poisson likelihood: 0.0
CE loss: 0.0
Experiment sir_flow_coupling_extrap
Epoch 0059 [Test seq (cond on sampled tp)] | Loss -2.001739 | Likelihood 2.469755 | KL fp 4.0290 | FP STD 0.0377|
KL coef: 0.388882760467135
Train loss (one batch): -2.075270891189575
Train CE loss (one batch): 0.0
Test MSE: 0.0002
Poisson likelihood: 0.0
CE loss: 0.0
Experiment sir_flow_coupling_extrap
Epoch 0060 [Test seq (cond on sampled tp)] | Loss -2.139478 | Likelihood 2.671175 | KL fp 4.1277 | FP STD 0.0341|
KL coef: 0.39499393286246365
Train loss (one batch): -2.181774377822876
Train CE loss (one batch): 0.0
Test MSE: 0.0002
Poisson likelihood: 0.0
CE loss: 0.0
Experiment sir_flow_coupling_extrap
Epoch 0061 [Test seq (cond on sampled tp)] | Loss 10.287922 | Likelihood -10.358308 | KL fp 3.5483 | FP STD 0.1231|
KL coef: 0.401043993533839
Train loss (one batch): 10.761699676513672
Train CE loss (one batch): 0.0
Test MSE: 0.0028
Poisson likelihood: 0.0
CE loss: 0.0
Experiment sir_flow_coupling_extrap
Epoch 0062 [Test seq (cond on sampled tp)] | Loss 10.510557 | Likelihood -10.528681 | KL fp 3.1193 | FP STD 0.1609|
KL coef: 0.4070335535985006
Train loss (one batch): 10.390565872192383
Train CE loss (one batch): 0.0
Test MSE: 0.0028
Poisson likelihood: 0.0
CE loss: 0.0
Experiment sir_flow_coupling_extrap
Epoch 0063 [Test seq (cond on sampled tp)] | Loss 1.760392 | Likelihood -1.514838 | KL fp 3.4667 | FP STD 0.1090|
KL coef: 0.41296321806251557
Train loss (one batch): 2.3797109127044678
Train CE loss (one batch): 0.0
Test MSE: 0.0010
Poisson likelihood: 0.0
CE loss: 0.0
Experiment sir_flow_coupling_extrap
Epoch 0064 [Test seq (cond on sampled tp)] | Loss -0.100514 | Likelihood 0.556062 | KL fp 3.7188 | FP STD 0.0810|
KL coef: 0.41883358588189046
Train loss (one batch): -0.14501404762268066
Train CE loss (one batch): 0.0
Test MSE: 0.0006
Poisson likelihood: 0.0
CE loss: 0.0
Experiment sir_flow_coupling_extrap
Epoch 0065 [Test seq (cond on sampled tp)] | Loss -1.107307 | Likelihood 1.562798 | KL fp 3.6608 | FP STD 0.0691|
KL coef: 0.4246452500230715
Train loss (one batch): -1.0869677066802979
Train CE loss (one batch): 0.0
Test MSE: 0.0004
Poisson likelihood: 0.0
CE loss: 0.0
Experiment sir_flow_coupling_extrap
Epoch 0066 [Test seq (cond on sampled tp)] | Loss -1.364260 | Likelihood 1.909505 | KL fp 3.8225 | FP STD 0.0540|
KL coef: 0.4303987975228408
Train loss (one batch): -1.428586721420288
Train CE loss (one batch): 0.0
Test MSE: 0.0004
Poisson likelihood: 0.0
CE loss: 0.0
Experiment sir_flow_coupling_extrap
Epoch 0067 [Test seq (cond on sampled tp)] | Loss -1.556848 | Likelihood 2.150393 | KL fp 3.8858 | FP STD 0.0475|
KL coef: 0.4360948095476125
Train loss (one batch): -1.5722739696502686
Train CE loss (one batch): 0.0
Test MSE: 0.0003
Poisson likelihood: 0.0
CE loss: 0.0
Experiment sir_flow_coupling_extrap
Epoch 0068 [Test seq (cond on sampled tp)] | Loss -1.680617 | Likelihood 2.288414 | KL fp 3.8670 | FP STD 0.0463|
KL coef: 0.44173386145213633
Train loss (one batch): -1.5769693851470947
Train CE loss (one batch): 0.0
Test MSE: 0.0003
Poisson likelihood: 0.0
CE loss: 0.0
Experiment sir_flow_coupling_extrap
Epoch 0069 [Test seq (cond on sampled tp)] | Loss -1.748513 | Likelihood 2.366201 | KL fp 3.8374 | FP STD 0.0457|
KL coef: 0.4473165228376149
Train loss (one batch): -1.859297752380371
Train CE loss (one batch): 0.0
Test MSE: 0.0003
Poisson likelihood: 0.0
CE loss: 0.0
Experiment sir_flow_coupling_extrap
Epoch 0070 [Test seq (cond on sampled tp)] | Loss -1.794613 | Likelihood 2.452893 | KL fp 3.8814 | FP STD 0.0437|
KL coef: 0.4528433576092388
Train loss (one batch): -1.8120218515396118
Train CE loss (one batch): 0.0
Test MSE: 0.0002
Poisson likelihood: 0.0
CE loss: 0.0
Experiment sir_flow_coupling_extrap
Epoch 0071 [Test seq (cond on sampled tp)] | Loss -1.801221 | Likelihood 2.483994 | KL fp 3.8883 | FP STD 0.0429|
KL coef: 0.45831492403314644
Train loss (one batch): -1.8554456233978271
Train CE loss (one batch): 0.0
Test MSE: 0.0002
Poisson likelihood: 0.0
CE loss: 0.0
Experiment sir_flow_coupling_extrap
Epoch 0072 [Test seq (cond on sampled tp)] | Loss -1.806312 | Likelihood 2.499725 | KL fp 3.8649 | FP STD 0.0441|
KL coef: 0.463731774792815
Train loss (one batch): -1.8876031637191772
Train CE loss (one batch): 0.0
Test MSE: 0.0002
Poisson likelihood: 0.0
CE loss: 0.0
Experiment sir_flow_coupling_extrap
Epoch 0073 [Test seq (cond on sampled tp)] | Loss -1.885293 | Likelihood 2.599315 | KL fp 3.8650 | FP STD 0.0431|
KL coef: 0.46909445704488684
Train loss (one batch): -1.394153118133545
Train CE loss (one batch): 0.0
Test MSE: 0.0002
Poisson likelihood: 0.0
CE loss: 0.0
Experiment sir_flow_coupling_extrap
Epoch 0074 [Test seq (cond on sampled tp)] | Loss -1.676510 | Likelihood 2.391666 | KL fp 3.8234 | FP STD 0.0432|
KL coef: 0.474403512474438
Train loss (one batch): -1.6386338472366333
Train CE loss (one batch): 0.0
Test MSE: 0.0003
Poisson likelihood: 0.0
CE loss: 0.0
Experiment sir_flow_coupling_extrap
Epoch 0075 [Test seq (cond on sampled tp)] | Loss -1.794959 | Likelihood 2.569782 | KL fp 3.9059 | FP STD 0.0410|
KL coef: 0.4796594773496936
Train loss (one batch): -1.9609524011611938
Train CE loss (one batch): 0.0
Test MSE: 0.0002
Poisson likelihood: 0.0
CE loss: 0.0
Experiment sir_flow_coupling_extrap
Epoch 0076 [Test seq (cond on sampled tp)] | Loss -1.845883 | Likelihood 2.640656 | KL fp 3.9051 | FP STD 0.0412|
KL coef: 0.4848628825761967
Train loss (one batch): -1.8766902685165405
Train CE loss (one batch): 0.0
Test MSE: 0.0002
Poisson likelihood: 0.0
CE loss: 0.0
Experiment sir_flow_coupling_extrap
Epoch 0077 [Test seq (cond on sampled tp)] | Loss -1.906128 | Likelihood 2.690681 | KL fp 3.8432 | FP STD 0.0424|
KL coef: 0.4900142537504347
Train loss (one batch): -1.9269706010818481
Train CE loss (one batch): 0.0
Test MSE: 0.0002
Poisson likelihood: 0.0
CE loss: 0.0
Experiment sir_flow_coupling_extrap
Epoch 0078 [Test seq (cond on sampled tp)] | Loss -1.891183 | Likelihood 2.671756 | KL fp 3.7958 | FP STD 0.0450|
KL coef: 0.49511411121293036
Train loss (one batch): -1.878224492073059
Train CE loss (one batch): 0.0
Test MSE: 0.0002
Poisson likelihood: 0.0
CE loss: 0.0
Experiment sir_flow_coupling_extrap
Epoch 0079 [Test seq (cond on sampled tp)] | Loss 0.793683 | Likelihood -0.002080 | KL fp 3.7802 | FP STD 0.0506|
KL coef: 0.500162970100801
Train loss (one batch): -0.49178481101989746
Train CE loss (one batch): 0.0
Test MSE: 0.0007
Poisson likelihood: 0.0
CE loss: 0.0
Experiment sir_flow_coupling_extrap
Epoch 0080 [Test seq (cond on sampled tp)] | Loss -0.735424 | Likelihood 1.456922 | KL fp 3.6212 | FP STD 0.0674|
KL coef: 0.505161340399793
Train loss (one batch): -0.6588268876075745
Train CE loss (one batch): 0.0
Test MSE: 0.0004
Poisson likelihood: 0.0
CE loss: 0.0
Experiment sir_flow_coupling_extrap
Epoch 0081 [Test seq (cond on sampled tp)] | Loss -1.651194 | Likelihood 2.471154 | KL fp 3.7663 | FP STD 0.0495|
KL coef: 0.510109726995795
Train loss (one batch): -1.435999870300293
Train CE loss (one batch): 0.0
Test MSE: 0.0002
Poisson likelihood: 0.0
CE loss: 0.0
Experiment sir_flow_coupling_extrap
Epoch 0082 [Test seq (cond on sampled tp)] | Loss -1.849326 | Likelihood 2.729972 | KL fp 3.8434 | FP STD 0.0436|
KL coef: 0.5150086297258372
Train loss (one batch): -1.7647281885147095
Train CE loss (one batch): 0.0
Test MSE: 0.0002
Poisson likelihood: 0.0
CE loss: 0.0
Experiment sir_flow_coupling_extrap
Epoch 0083 [Test seq (cond on sampled tp)] | Loss -1.888080 | Likelihood 2.769866 | KL fp 3.8096 | FP STD 0.0440|
KL coef: 0.5198585434285787
Train loss (one batch): -1.8797372579574585
Train CE loss (one batch): 0.0
Test MSE: 0.0002
Poisson likelihood: 0.0
CE loss: 0.0
Experiment sir_flow_coupling_extrap
Epoch 0084 [Test seq (cond on sampled tp)] | Loss -1.896746 | Likelihood 2.805128 | KL fp 3.8255 | FP STD 0.0429|
KL coef: 0.524659957994293
Train loss (one batch): -1.958469033241272
Train CE loss (one batch): 0.0
Test MSE: 0.0002
Poisson likelihood: 0.0
CE loss: 0.0
Experiment sir_flow_coupling_extrap
Epoch 0085 [Test seq (cond on sampled tp)] | Loss -1.751374 | Likelihood 2.696707 | KL fp 3.8613 | FP STD 0.0416|
KL coef: 0.5294133584143501
Train loss (one batch): -1.7797166109085083
Train CE loss (one batch): 0.0
Test MSE: 0.0002
Poisson likelihood: 0.0
CE loss: 0.0
Experiment sir_flow_coupling_extrap
Epoch 0086 [Test seq (cond on sampled tp)] | Loss -1.319245 | Likelihood 2.159598 | KL fp 3.6303 | FP STD 0.0537|
KL coef: 0.5341192248302067
Train loss (one batch): -1.1234980821609497
Train CE loss (one batch): 0.0
Test MSE: 0.0003
Poisson likelihood: 0.0
CE loss: 0.0
Experiment sir_flow_coupling_extrap
Epoch 0087 [Test seq (cond on sampled tp)] | Loss -1.735702 | Likelihood 2.615139 | KL fp 3.6717 | FP STD 0.0513|
KL coef: 0.5387780325819045
Train loss (one batch): -1.6356828212738037
Train CE loss (one batch): 0.0
Test MSE: 0.0002
Poisson likelihood: 0.0
CE loss: 0.0
Experiment sir_flow_coupling_extrap
Epoch 0088 [Test seq (cond on sampled tp)] | Loss -1.783325 | Likelihood 2.716655 | KL fp 3.7399 | FP STD 0.0481|
KL coef: 0.5433902522560855
Train loss (one batch): -1.804289698600769
Train CE loss (one batch): 0.0
Test MSE: 0.0002
Poisson likelihood: 0.0
CE loss: 0.0
Experiment sir_flow_coupling_extrap
Epoch 0089 [Test seq (cond on sampled tp)] | Loss -1.791072 | Likelihood 2.726999 | KL fp 3.7144 | FP STD 0.0487|
KL coef: 0.5479563497335247
Train loss (one batch): -1.8371870517730713
Train CE loss (one batch): 0.0
Test MSE: 0.0002
Poisson likelihood: 0.0
CE loss: 0.0
Experiment sir_flow_coupling_extrap
Epoch 0090 [Test seq (cond on sampled tp)] | Loss -1.782061 | Likelihood 2.729421 | KL fp 3.7042 | FP STD 0.0491|
KL coef: 0.5524767862361895
Train loss (one batch): -1.8135476112365723
Train CE loss (one batch): 0.0
Test MSE: 0.0002
Poisson likelihood: 0.0
CE loss: 0.0
Experiment sir_flow_coupling_extrap
Epoch 0091 [Test seq (cond on sampled tp)] | Loss -1.809532 | Likelihood 2.796722 | KL fp 3.7465 | FP STD 0.0469|
KL coef: 0.5569520183738275
Train loss (one batch): -1.8503389358520508
Train CE loss (one batch): 0.0
Test MSE: 0.0002
Poisson likelihood: 0.0
CE loss: 0.0
Experiment sir_flow_coupling_extrap
Epoch 0092 [Test seq (cond on sampled tp)] | Loss -1.812513 | Likelihood 2.817436 | KL fp 3.7474 | FP STD 0.0463|
KL coef: 0.5613824981900892
Train loss (one batch): -1.7705925703048706
Train CE loss (one batch): 0.0
Test MSE: 0.0002
Poisson likelihood: 0.0
CE loss: 0.0
Experiment sir_flow_coupling_extrap
Epoch 0093 [Test seq (cond on sampled tp)] | Loss -1.802225 | Likelihood 2.815987 | KL fp 3.7341 | FP STD 0.0458|
KL coef: 0.5657686732081884
Train loss (one batch): -1.8677842617034912
Train CE loss (one batch): 0.0
Test MSE: 0.0002
Poisson likelihood: 0.0
CE loss: 0.0
Experiment sir_flow_coupling_extrap
Epoch 0094 [Test seq (cond on sampled tp)] | Loss -0.644847 | Likelihood 1.536421 | KL fp 3.4928 | FP STD 0.0661|
KL coef: 0.5701109864761065
Train loss (one batch): -0.715761661529541
Train CE loss (one batch): 0.0
Test MSE: 0.0004
Poisson likelihood: 0.0
CE loss: 0.0
Experiment sir_flow_coupling_extrap
Epoch 0095 [Test seq (cond on sampled tp)] | Loss -1.323577 | Likelihood 2.256890 | KL fp 3.5395 | FP STD 0.0643|
KL coef: 0.5744098766113455
Train loss (one batch): -1.303398847579956
Train CE loss (one batch): 0.0
Test MSE: 0.0003
Poisson likelihood: 0.0
CE loss: 0.0
Experiment sir_flow_coupling_extrap
Epoch 0096 [Test seq (cond on sampled tp)] | Loss -1.593591 | Likelihood 2.541011 | KL fp 3.5376 | FP STD 0.0601|
KL coef: 0.578665777845232
Train loss (one batch): -1.6630749702453613
Train CE loss (one batch): 0.0
Test MSE: 0.0002
Poisson likelihood: 0.0
CE loss: 0.0
Experiment sir_flow_coupling_extrap
Epoch 0097 [Test seq (cond on sampled tp)] | Loss -1.700938 | Likelihood 2.673955 | KL fp 3.5542 | FP STD 0.0562|
KL coef: 0.5828791200667797
Train loss (one batch): -1.7455285787582397
Train CE loss (one batch): 0.0
Test MSE: 0.0002
Poisson likelihood: 0.0
CE loss: 0.0
Experiment sir_flow_coupling_extrap
Epoch 0098 [Test seq (cond on sampled tp)] | Loss -1.748775 | Likelihood 2.767520 | KL fp 3.6069 | FP STD 0.0517|
KL coef: 0.5870503288661119
Train loss (one batch): -1.7144759893417358
Train CE loss (one batch): 0.0
Test MSE: 0.0002
Poisson likelihood: 0.0
CE loss: 0.0
Experiment sir_flow_coupling_extrap
Epoch 0099 [Test seq (cond on sampled tp)] | Loss -1.769898 | Likelihood 2.804072 | KL fp 3.6077 | FP STD 0.0515|
KL coef: 0.5911798255774507
Train loss (one batch): -1.7571443319320679
Train CE loss (one batch): 0.0
Test MSE: 0.0002
Poisson likelihood: 0.0
CE loss: 0.0
Experiment sir_flow_coupling_extrap
Epoch 0100 [Test seq (cond on sampled tp)] | Loss -1.734651 | Likelihood 2.778650 | KL fp 3.6003 | FP STD 0.0517|
KL coef: 0.5952680273216762
Train loss (one batch): -1.7584247589111328
Train CE loss (one batch): 0.0
Test MSE: 0.0002
Poisson likelihood: 0.0
CE loss: 0.0
Experiment sir_flow_coupling_extrap
Epoch 0101 [Test seq (cond on sampled tp)] | Loss -1.768456 | Likelihood 2.841982 | KL fp 3.6256 | FP STD 0.0502|
KL coef: 0.5993153470484595
Train loss (one batch): -1.690845251083374
Train CE loss (one batch): 0.0
Test MSE: 0.0002
Poisson likelihood: 0.0
CE loss: 0.0
Experiment sir_flow_coupling_extrap
Epoch 0102 [Test seq (cond on sampled tp)] | Loss -1.735421 | Likelihood 2.801615 | KL fp 3.5883 | FP STD 0.0520|
KL coef: 0.6033221935779749
Train loss (one batch): -1.7585983276367188
Train CE loss (one batch): 0.0
Test MSE: 0.0002
Poisson likelihood: 0.0
CE loss: 0.0
Experiment sir_flow_coupling_extrap
Epoch 0103 [Test seq (cond on sampled tp)] | Loss -1.749013 | Likelihood 2.846338 | KL fp 3.6161 | FP STD 0.0504|
KL coef: 0.6072889716421952
Train loss (one batch): -1.7620574235916138
Train CE loss (one batch): 0.0
Test MSE: 0.0002
Poisson likelihood: 0.0
CE loss: 0.0
Experiment sir_flow_coupling_extrap
Epoch 0104 [Test seq (cond on sampled tp)] | Loss -1.741360 | Likelihood 2.852489 | KL fp 3.6154 | FP STD 0.0510|
KL coef: 0.6112160819257733
Train loss (one batch): -1.7729917764663696
Train CE loss (one batch): 0.0
Test MSE: 0.0002
Poisson likelihood: 0.0
CE loss: 0.0
Experiment sir_flow_coupling_extrap
Epoch 0105 [Test seq (cond on sampled tp)] | Loss -1.730268 | Likelihood 2.816076 | KL fp 3.5515 | FP STD 0.0533|
KL coef: 0.6151039211065155
Train loss (one batch): -1.699216365814209
Train CE loss (one batch): 0.0
Test MSE: 0.0002
Poisson likelihood: 0.0
CE loss: 0.0
Experiment sir_flow_coupling_extrap
Epoch 0106 [Test seq (cond on sampled tp)] | Loss -1.739457 | Likelihood 2.846131 | KL fp 3.5630 | FP STD 0.0527|
KL coef: 0.6189528818954504
Train loss (one batch): -1.7241120338439941
Train CE loss (one batch): 0.0
Test MSE: 0.0002
Poisson likelihood: 0.0
CE loss: 0.0
Experiment sir_flow_coupling_extrap
Epoch 0107 [Test seq (cond on sampled tp)] | Loss -1.740440 | Likelihood 2.852425 | KL fp 3.5506 | FP STD 0.0533|
KL coef: 0.6227633530764958
Train loss (one batch): -1.7036505937576294
Train CE loss (one batch): 0.0
Test MSE: 0.0002
Poisson likelihood: 0.0
CE loss: 0.0
Experiment sir_flow_coupling_extrap
Epoch 0108 [Test seq (cond on sampled tp)] | Loss -1.694184 | Likelihood 2.810013 | KL fp 3.5354 | FP STD 0.0537|
KL coef: 0.6265357195457308
Train loss (one batch): -1.6494958400726318
Train CE loss (one batch): 0.0
Test MSE: 0.0002
Poisson likelihood: 0.0
CE loss: 0.0
Experiment sir_flow_coupling_extrap
Epoch 0109 [Test seq (cond on sampled tp)] | Loss -1.711599 | Likelihood 2.849179 | KL fp 3.5482 | FP STD 0.0530|
KL coef: 0.6302703623502736
Train loss (one batch): -1.6780946254730225
Train CE loss (one batch): 0.0
Test MSE: 0.0002
Poisson likelihood: 0.0
CE loss: 0.0
Experiment sir_flow_coupling_extrap
Epoch 0110 [Test seq (cond on sampled tp)] | Loss -1.741543 | Likelihood 2.893649 | KL fp 3.5504 | FP STD 0.0529|
KL coef: 0.6339676587267709
Train loss (one batch): -1.7426542043685913
Train CE loss (one batch): 0.0
Test MSE: 0.0002
Poisson likelihood: 0.0
CE loss: 0.0
Experiment sir_flow_coupling_extrap
Epoch 0111 [Test seq (cond on sampled tp)] | Loss -1.732185 | Likelihood 2.877732 | KL fp 3.5203 | FP STD 0.0541|
KL coef: 0.6376279821395031
Train loss (one batch): -1.7115730047225952
Train CE loss (one batch): 0.0
Test MSE: 0.0002
Poisson likelihood: 0.0
CE loss: 0.0
Experiment sir_flow_coupling_extrap
Epoch 0112 [Test seq (cond on sampled tp)] | Loss -1.699123 | Likelihood 2.873434 | KL fp 3.5448 | FP STD 0.0529|
KL coef: 0.6412517023181081
Train loss (one batch): -1.7005726099014282
Train CE loss (one batch): 0.0
Test MSE: 0.0002
Poisson likelihood: 0.0
CE loss: 0.0
Experiment sir_flow_coupling_extrap
Epoch 0113 [Test seq (cond on sampled tp)] | Loss -1.650569 | Likelihood 2.800682 | KL fp 3.4876 | FP STD 0.0559|
KL coef: 0.644839185294927
Train loss (one batch): -1.6825511455535889
Train CE loss (one batch): 0.0
Test MSE: 0.0002
Poisson likelihood: 0.0
CE loss: 0.0
Experiment sir_flow_coupling_extrap
Epoch 0114 [Test seq (cond on sampled tp)] | Loss -1.688456 | Likelihood 2.862194 | KL fp 3.5061 | FP STD 0.0543|
KL coef: 0.6483907934419777
Train loss (one batch): -1.6838600635528564
Train CE loss (one batch): 0.0
Test MSE: 0.0002
Poisson likelihood: 0.0
CE loss: 0.0
Experiment sir_flow_coupling_extrap
Epoch 0115 [Test seq (cond on sampled tp)] | Loss -1.682613 | Likelihood 2.855111 | KL fp 3.4843 | FP STD 0.0557|
KL coef: 0.651906885507558
Train loss (one batch): -1.6781973838806152
Train CE loss (one batch): 0.0
Test MSE: 0.0002
Poisson likelihood: 0.0
CE loss: 0.0
Experiment sir_flow_coupling_extrap
Epoch 0116 [Test seq (cond on sampled tp)] | Loss -1.674844 | Likelihood 2.865624 | KL fp 3.4934 | FP STD 0.0556|
KL coef: 0.6553878166524825
Train loss (one batch): -1.6604821681976318
Train CE loss (one batch): 0.0
Test MSE: 0.0002
Poisson likelihood: 0.0
CE loss: 0.0
Experiment sir_flow_coupling_extrap
Epoch 0117 [Test seq (cond on sampled tp)] | Loss -1.654065 | Likelihood 2.848481 | KL fp 3.4806 | FP STD 0.0560|
KL coef: 0.6588339384859576
Train loss (one batch): -1.7058008909225464
Train CE loss (one batch): 0.0
Test MSE: 0.0002
Poisson likelihood: 0.0
CE loss: 0.0
Experiment sir_flow_coupling_extrap
Epoch 0118 [Test seq (cond on sampled tp)] | Loss -1.664292 | Likelihood 2.866231 | KL fp 3.4740 | FP STD 0.0562|
KL coef: 0.662245599101098
Train loss (one batch): -1.6789759397506714
Train CE loss (one batch): 0.0
Test MSE: 0.0002
Poisson likelihood: 0.0
CE loss: 0.0
Experiment sir_flow_coupling_extrap
Epoch 0119 [Test seq (cond on sampled tp)] | Loss -1.675931 | Likelihood 2.873811 | KL fp 3.4505 | FP STD 0.0572|
KL coef: 0.665623143110087
Train loss (one batch): -1.644603967666626
Train CE loss (one batch): 0.0
Test MSE: 0.0002
Poisson likelihood: 0.0
CE loss: 0.0
Experiment sir_flow_coupling_extrap
Epoch 0120 [Test seq (cond on sampled tp)] | Loss -1.628788 | Likelihood 2.851871 | KL fp 3.4706 | FP STD 0.0563|
KL coef: 0.6689669116789861
Train loss (one batch): -1.6262123584747314
Train CE loss (one batch): 0.0
Test MSE: 0.0002
Poisson likelihood: 0.0
CE loss: 0.0
Experiment sir_flow_coupling_extrap
Epoch 0121 [Test seq (cond on sampled tp)] | Loss -1.641434 | Likelihood 2.858164 | KL fp 3.4442 | FP STD 0.0575|
KL coef: 0.6722772425621963
Train loss (one batch): -1.605569839477539
Train CE loss (one batch): 0.0
Test MSE: 0.0002
Poisson likelihood: 0.0
CE loss: 0.0
Experiment sir_flow_coupling_extrap
Epoch 0122 [Test seq (cond on sampled tp)] | Loss -1.620132 | Likelihood 2.849056 | KL fp 3.4461 | FP STD 0.0573|
KL coef: 0.6755544701365743
Train loss (one batch): -1.5588136911392212
Train CE loss (one batch): 0.0
Test MSE: 0.0002
Poisson likelihood: 0.0
CE loss: 0.0
Experiment sir_flow_coupling_extrap
Epoch 0123 [Test seq (cond on sampled tp)] | Loss -1.643133 | Likelihood 2.882175 | KL fp 3.4440 | FP STD 0.0576|
KL coef: 0.6787989254352086
Train loss (one batch): -1.6371965408325195
Train CE loss (one batch): 0.0
Test MSE: 0.0002
Poisson likelihood: 0.0
CE loss: 0.0
Experiment sir_flow_coupling_extrap
Epoch 0124 [Test seq (cond on sampled tp)] | Loss -1.634081 | Likelihood 2.876434 | KL fp 3.4329 | FP STD 0.0583|
KL coef: 0.6820109361808565
Train loss (one batch): -1.572572946548462
Train CE loss (one batch): 0.0
Test MSE: 0.0002
Poisson likelihood: 0.0
CE loss: 0.0
Experiment sir_flow_coupling_extrap
Epoch 0125 [Test seq (cond on sampled tp)] | Loss -1.633639 | Likelihood 2.882715 | KL fp 3.4266 | FP STD 0.0587|
KL coef: 0.685190826819048
Train loss (one batch): -1.6347951889038086
Train CE loss (one batch): 0.0
Test MSE: 0.0002
Poisson likelihood: 0.0
CE loss: 0.0
Experiment sir_flow_coupling_extrap
Epoch 0126 [Test seq (cond on sampled tp)] | Loss -1.603497 | Likelihood 2.842386 | KL fp 3.3959 | FP STD 0.0599|
KL coef: 0.6883389185508575
Train loss (one batch): -1.6335945129394531
Train CE loss (one batch): 0.0
Test MSE: 0.0002
Poisson likelihood: 0.0
CE loss: 0.0
Experiment sir_flow_coupling_extrap
Epoch 0127 [Test seq (cond on sampled tp)] | Loss -1.603858 | Likelihood 2.871038 | KL fp 3.4215 | FP STD 0.0585|
KL coef: 0.6914555293653489
Train loss (one batch): -1.633514165878296
Train CE loss (one batch): 0.0
Test MSE: 0.0002
Poisson likelihood: 0.0
CE loss: 0.0
Experiment sir_flow_coupling_extrap
Epoch 0128 [Test seq (cond on sampled tp)] | Loss -1.629425 | Likelihood 2.889055 | KL fp 3.3958 | FP STD 0.0598|
KL coef: 0.6945409740716955
Train loss (one batch): -1.6538350582122803
Train CE loss (one batch): 0.0
Test MSE: 0.0002
Poisson likelihood: 0.0
CE loss: 0.0
Experiment sir_flow_coupling_extrap
Epoch 0129 [Test seq (cond on sampled tp)] | Loss -1.566743 | Likelihood 2.820066 | KL fp 3.3719 | FP STD 0.0613|
KL coef: 0.6975955643309785
Train loss (one batch): -1.6188782453536987
Train CE loss (one batch): 0.0
Test MSE: 0.0002
Poisson likelihood: 0.0
CE loss: 0.0
Experiment sir_flow_coupling_extrap
Epoch 0130 [Test seq (cond on sampled tp)] | Loss -1.585812 | Likelihood 2.857776 | KL fp 3.3839 | FP STD 0.0609|
KL coef: 0.7006196086876687
Train loss (one batch): -1.5653929710388184
Train CE loss (one batch): 0.0
Test MSE: 0.0002
Poisson likelihood: 0.0
CE loss: 0.0
Experiment sir_flow_coupling_extrap
Epoch 0131 [Test seq (cond on sampled tp)] | Loss -1.591238 | Likelihood 2.873610 | KL fp 3.3855 | FP STD 0.0609|
KL coef: 0.703613412600792
Train loss (one batch): -1.5368760824203491
Train CE loss (one batch): 0.0
Test MSE: 0.0002
Poisson likelihood: 0.0
CE loss: 0.0
Experiment sir_flow_coupling_extrap
Epoch 0132 [Test seq (cond on sampled tp)] | Loss -1.602965 | Likelihood 2.881088 | KL fp 3.3638 | FP STD 0.0621|
KL coef: 0.7065772784747841
Train loss (one batch): -1.59061598777771
Train CE loss (one batch): 0.0
Test MSE: 0.0002
Poisson likelihood: 0.0
CE loss: 0.0
Experiment sir_flow_coupling_extrap
Epoch 0133 [Test seq (cond on sampled tp)] | Loss -1.578441 | Likelihood 2.866866 | KL fp 3.3646 | FP STD 0.0625|
KL coef: 0.7095115056900363
Train loss (one batch): -1.5974518060684204
Train CE loss (one batch): 0.0
Test MSE: 0.0002
Poisson likelihood: 0.0
CE loss: 0.0
Experiment sir_flow_coupling_extrap
Epoch 0134 [Test seq (cond on sampled tp)] | Loss -1.595381 | Likelihood 2.885997 | KL fp 3.3539 | FP STD 0.0624|
KL coef: 0.7124163906331359
Train loss (one batch): -1.560499668121338
Train CE loss (one batch): 0.0
Test MSE: 0.0002
Poisson likelihood: 0.0
CE loss: 0.0
Experiment sir_flow_coupling_extrap
Epoch 0135 [Test seq (cond on sampled tp)] | Loss -1.573172 | Likelihood 2.886259 | KL fp 3.3726 | FP STD 0.0616|
KL coef: 0.7152922267268045
Train loss (one batch): -1.5683975219726562
Train CE loss (one batch): 0.0
Test MSE: 0.0002
Poisson likelihood: 0.0
CE loss: 0.0
Experiment sir_flow_coupling_extrap
Epoch 0136 [Test seq (cond on sampled tp)] | Loss -1.579349 | Likelihood 2.874324 | KL fp 3.3339 | FP STD 0.0639|
KL coef: 0.7181393044595366
Train loss (one batch): -1.5720430612564087
Train CE loss (one batch): 0.0
Test MSE: 0.0002
Poisson likelihood: 0.0
CE loss: 0.0
Experiment sir_flow_coupling_extrap
Epoch 0137 [Test seq (cond on sampled tp)] | Loss -1.534833 | Likelihood 2.854766 | KL fp 3.3550 | FP STD 0.0628|
KL coef: 0.7209579114149411
Train loss (one batch): -1.5769107341766357
Train CE loss (one batch): 0.0
Test MSE: 0.0002
Poisson likelihood: 0.0
CE loss: 0.0
Experiment sir_flow_coupling_extrap
Epoch 0138 [Test seq (cond on sampled tp)] | Loss -1.582376 | Likelihood 2.887857 | KL fp 3.3225 | FP STD 0.0642|
KL coef: 0.7237483323007917
Train loss (one batch): -1.5562101602554321
Train CE loss (one batch): 0.0
Test MSE: 0.0002
Poisson likelihood: 0.0
CE loss: 0.0
Experiment sir_flow_coupling_extrap
Epoch 0139 [Test seq (cond on sampled tp)] | Loss -1.576760 | Likelihood 2.893578 | KL fp 3.3248 | FP STD 0.0646|
KL coef: 0.7265108489777838
Train loss (one batch): -1.505698800086975
Train CE loss (one batch): 0.0
Test MSE: 0.0002
Poisson likelihood: 0.0
CE loss: 0.0
Experiment sir_flow_coupling_extrap
Epoch 0140 [Test seq (cond on sampled tp)] | Loss -1.557498 | Likelihood 2.886337 | KL fp 3.3288 | FP STD 0.0644|
KL coef: 0.729245740488006
Train loss (one batch): -1.5847352743148804
Train CE loss (one batch): 0.0
Test MSE: 0.0002
Poisson likelihood: 0.0
CE loss: 0.0
Experiment sir_flow_coupling_extrap
Epoch 0141 [Test seq (cond on sampled tp)] | Loss -1.540998 | Likelihood 2.857166 | KL fp 3.2992 | FP STD 0.0661|
KL coef: 0.7319532830831259
Train loss (one batch): -1.5285276174545288
Train CE loss (one batch): 0.0
Test MSE: 0.0002
Poisson likelihood: 0.0
CE loss: 0.0
Experiment sir_flow_coupling_extrap
Epoch 0142 [Test seq (cond on sampled tp)] | Loss -1.546121 | Likelihood 2.881939 | KL fp 3.3143 | FP STD 0.0654|
KL coef: 0.7346337502522946
Train loss (one batch): -1.57011878490448
Train CE loss (one batch): 0.0
Test MSE: 0.0002
Poisson likelihood: 0.0
CE loss: 0.0
Experiment sir_flow_coupling_extrap
Epoch 0143 [Test seq (cond on sampled tp)] | Loss -1.544585 | Likelihood 2.890105 | KL fp 3.3152 | FP STD 0.0652|
KL coef: 0.7372874127497717
Train loss (one batch): -1.5770165920257568
Train CE loss (one batch): 0.0
Test MSE: 0.0002
Poisson likelihood: 0.0
CE loss: 0.0
Experiment sir_flow_coupling_extrap
Epoch 0144 [Test seq (cond on sampled tp)] | Loss -1.546503 | Likelihood 2.864875 | KL fp 3.2667 | FP STD 0.0680|
KL coef: 0.739914538622274
Train loss (one batch): -1.5983668565750122
Train CE loss (one batch): 0.0
Test MSE: 0.0002
Poisson likelihood: 0.0
CE loss: 0.0
Experiment sir_flow_coupling_extrap
Epoch 0145 [Test seq (cond on sampled tp)] | Loss -1.507708 | Likelihood 2.844016 | KL fp 3.2805 | FP STD 0.0677|
KL coef: 0.7425153932360513
Train loss (one batch): -1.5532641410827637
Train CE loss (one batch): 0.0
Test MSE: 0.0002
Poisson likelihood: 0.0
CE loss: 0.0
Experiment sir_flow_coupling_extrap
Epoch 0146 [Test seq (cond on sampled tp)] | Loss -1.525229 | Likelihood 2.860493 | KL fp 3.2668 | FP STD 0.0684|
KL coef: 0.7450902393036907
Train loss (one batch): -1.526018500328064
Train CE loss (one batch): 0.0
Test MSE: 0.0002
Poisson likelihood: 0.0
CE loss: 0.0
Experiment sir_flow_coupling_extrap
Epoch 0147 [Test seq (cond on sampled tp)] | Loss -1.522946 | Likelihood 2.882493 | KL fp 3.2880 | FP STD 0.0675|
KL coef: 0.7476393369106538
Train loss (one batch): -1.5181752443313599
Train CE loss (one batch): 0.0
Test MSE: 0.0002
Poisson likelihood: 0.0
CE loss: 0.0
Experiment sir_flow_coupling_extrap
Epoch 0148 [Test seq (cond on sampled tp)] | Loss -1.503579 | Likelihood 2.862761 | KL fp 3.2764 | FP STD 0.0681|
KL coef: 0.7501629435415473
Train loss (one batch): -1.5128209590911865
Train CE loss (one batch): 0.0
Test MSE: 0.0002
Poisson likelihood: 0.0
CE loss: 0.0
Experiment sir_flow_coupling_extrap
Epoch 0149 [Test seq (cond on sampled tp)] | Loss -1.534692 | Likelihood 2.888075 | KL fp 3.2579 | FP STD 0.0691|
KL coef: 0.7526613141061318
Train loss (one batch): -1.5797199010849
Train CE loss (one batch): 0.0
Test MSE: 0.0002
Poisson likelihood: 0.0
CE loss: 0.0
Experiment sir_flow_coupling_extrap
Epoch 0150 [Test seq (cond on sampled tp)] | Loss -1.489384 | Likelihood 2.825457 | KL fp 3.2244 | FP STD 0.0710|
KL coef: 0.7551347009650705
Train loss (one batch): -1.5829123258590698
Train CE loss (one batch): 0.0
Test MSE: 0.0002
Poisson likelihood: 0.0
CE loss: 0.0
Experiment sir_flow_coupling_extrap
Epoch 0151 [Test seq (cond on sampled tp)] | Loss -1.469422 | Likelihood 2.832310 | KL fp 3.2493 | FP STD 0.0704|
KL coef: 0.7575833539554198
Train loss (one batch): -1.5591989755630493
Train CE loss (one batch): 0.0
Test MSE: 0.0002
Poisson likelihood: 0.0
CE loss: 0.0
Experiment sir_flow_coupling_extrap
Epoch 0152 [Test seq (cond on sampled tp)] | Loss -1.521255 | Likelihood 2.870817 | KL fp 3.2218 | FP STD 0.0716|
KL coef: 0.7600075204158656
Train loss (one batch): -1.5170478820800781
Train CE loss (one batch): 0.0
Test MSE: 0.0002
Poisson likelihood: 0.0
CE loss: 0.0
Experiment sir_flow_coupling_extrap
Epoch 0153 [Test seq (cond on sampled tp)] | Loss -1.495853 | Likelihood 2.843861 | KL fp 3.2092 | FP STD 0.0726|
KL coef: 0.762407445211707
Train loss (one batch): -1.4871810674667358
Train CE loss (one batch): 0.0
Test MSE: 0.0002
Poisson likelihood: 0.0
CE loss: 0.0
Experiment sir_flow_coupling_extrap
Epoch 0154 [Test seq (cond on sampled tp)] | Loss -1.509674 | Likelihood 2.886190 | KL fp 3.2368 | FP STD 0.0709|
KL coef: 0.7647833707595899
Train loss (one batch): -1.5346168279647827
Train CE loss (one batch): 0.0
Test MSE: 0.0002
Poisson likelihood: 0.0
CE loss: 0.0
Experiment sir_flow_coupling_extrap
Epoch 0155 [Test seq (cond on sampled tp)] | Loss -1.500628 | Likelihood 2.870897 | KL fp 3.2184 | FP STD 0.0718|
KL coef: 0.767135537051994
Train loss (one batch): -1.5365298986434937
Train CE loss (one batch): 0.0
Test MSE: 0.0002
Poisson likelihood: 0.0
CE loss: 0.0
Experiment sir_flow_coupling_extrap
Epoch 0156 [Test seq (cond on sampled tp)] | Loss -1.518849 | Likelihood 2.894743 | KL fp 3.2161 | FP STD 0.0721|
KL coef: 0.769464181681474
Train loss (one batch): -1.567244291305542
Train CE loss (one batch): 0.0
Test MSE: 0.0002
Poisson likelihood: 0.0
CE loss: 0.0
Experiment sir_flow_coupling_extrap
Epoch 0157 [Test seq (cond on sampled tp)] | Loss -1.489613 | Likelihood 2.886106 | KL fp 3.2331 | FP STD 0.0718|
KL coef: 0.7717695398646593
Train loss (one batch): -1.5230369567871094
Train CE loss (one batch): 0.0
Test MSE: 0.0002
Poisson likelihood: 0.0
CE loss: 0.0
Experiment sir_flow_coupling_extrap
Epoch 0158 [Test seq (cond on sampled tp)] | Loss -1.491121 | Likelihood 2.868717 | KL fp 3.1998 | FP STD 0.0732|
KL coef: 0.7740518444660127
Train loss (one batch): -1.5330034494400024
Train CE loss (one batch): 0.0
Test MSE: 0.0002
Poisson likelihood: 0.0
CE loss: 0.0
Experiment sir_flow_coupling_extrap
Epoch 0159 [Test seq (cond on sampled tp)] | Loss -1.491563 | Likelihood 2.871832 | KL fp 3.1939 | FP STD 0.0736|
KL coef: 0.7763113260213526
Train loss (one batch): -1.5059573650360107
Train CE loss (one batch): 0.0
Test MSE: 0.0002
Poisson likelihood: 0.0
CE loss: 0.0
Experiment sir_flow_coupling_extrap
Epoch 0160 [Test seq (cond on sampled tp)] | Loss -1.487105 | Likelihood 2.868246 | KL fp 3.1851 | FP STD 0.0743|
KL coef: 0.7785482127611391
Train loss (one batch): -1.476148247718811
Train CE loss (one batch): 0.0
Test MSE: 0.0002
Poisson likelihood: 0.0
CE loss: 0.0
Experiment sir_flow_coupling_extrap
Epoch 0161 [Test seq (cond on sampled tp)] | Loss -1.505810 | Likelihood 2.909675 | KL fp 3.2055 | FP STD 0.0737|
KL coef: 0.7807627306335276
Train loss (one batch): -1.4807887077331543
Train CE loss (one batch): 0.0
Test MSE: 0.0002
Poisson likelihood: 0.0
CE loss: 0.0
Experiment sir_flow_coupling_extrap
Epoch 0162 [Test seq (cond on sampled tp)] | Loss -1.488120 | Likelihood 2.884796 | KL fp 3.1874 | FP STD 0.0748|
KL coef: 0.7829551033271924
Train loss (one batch): -1.4859552383422852
Train CE loss (one batch): 0.0
Test MSE: 0.0002
Poisson likelihood: 0.0
CE loss: 0.0
Experiment sir_flow_coupling_extrap
Epoch 0163 [Test seq (cond on sampled tp)] | Loss -1.499779 | Likelihood 2.917145 | KL fp 3.2047 | FP STD 0.0732|
KL coef: 0.7851255522939204
Train loss (one batch): -1.464148759841919
Train CE loss (one batch): 0.0
Test MSE: 0.0002
Poisson likelihood: 0.0
CE loss: 0.0
Experiment sir_flow_coupling_extrap
Epoch 0164 [Test seq (cond on sampled tp)] | Loss -1.468068 | Likelihood 2.851940 | KL fp 3.1543 | FP STD 0.0759|
KL coef: 0.7872742967709813
Train loss (one batch): -1.4787079095840454
Train CE loss (one batch): 0.0
Test MSE: 0.0002
Poisson likelihood: 0.0
CE loss: 0.0
Experiment sir_flow_coupling_extrap
Epoch 0165 [Test seq (cond on sampled tp)] | Loss -1.473752 | Likelihood 2.854187 | KL fp 3.1412 | FP STD 0.0764|
KL coef: 0.7894015538032715
Train loss (one batch): -1.4827470779418945
Train CE loss (one batch): 0.0
Test MSE: 0.0002
Poisson likelihood: 0.0
CE loss: 0.0
Experiment sir_flow_coupling_extrap
Epoch 0166 [Test seq (cond on sampled tp)] | Loss -1.486991 | Likelihood 2.887791 | KL fp 3.1580 | FP STD 0.0761|
KL coef: 0.7915075382652388
Train loss (one batch): -1.4693750143051147
Train CE loss (one batch): 0.0
Test MSE: 0.0002
Poisson likelihood: 0.0
CE loss: 0.0
Experiment sir_flow_coupling_extrap
Epoch 0167 [Test seq (cond on sampled tp)] | Loss -1.509373 | Likelihood 2.912325 | KL fp 3.1523 | FP STD 0.0763|
KL coef: 0.7935924628825863
Train loss (one batch): -1.4876632690429688
Train CE loss (one batch): 0.0
Test MSE: 0.0002
Poisson likelihood: 0.0
CE loss: 0.0
Experiment sir_flow_coupling_extrap
Epoch 0168 [Test seq (cond on sampled tp)] | Loss -1.447598 | Likelihood 2.831104 | KL fp 3.1198 | FP STD 0.0781|
KL coef: 0.7956565382537605
Train loss (one batch): -1.5346343517303467
Train CE loss (one batch): 0.0
Test MSE: 0.0002
Poisson likelihood: 0.0
CE loss: 0.0
Experiment sir_flow_coupling_extrap
Epoch 0169 [Test seq (cond on sampled tp)] | Loss -1.484338 | Likelihood 2.892519 | KL fp 3.1429 | FP STD 0.0767|
KL coef: 0.7976999728712229
Train loss (one batch): -1.5137333869934082
Train CE loss (one batch): 0.0
Test MSE: 0.0002
Poisson likelihood: 0.0
CE loss: 0.0
Experiment sir_flow_coupling_extrap
Epoch 0170 [Test seq (cond on sampled tp)] | Loss -1.479722 | Likelihood 2.887830 | KL fp 3.1352 | FP STD 0.0779|
KL coef: 0.7997229731425107
Train loss (one batch): -1.5192235708236694
Train CE loss (one batch): 0.0
Test MSE: 0.0002
Poisson likelihood: 0.0
CE loss: 0.0
Experiment sir_flow_coupling_extrap
Epoch 0171 [Test seq (cond on sampled tp)] | Loss -1.431841 | Likelihood 2.835881 | KL fp 3.1217 | FP STD 0.0783|
KL coef: 0.8017257434110856
Train loss (one batch): -1.4885841608047485
Train CE loss (one batch): 0.0
Test MSE: 0.0002
Poisson likelihood: 0.0
CE loss: 0.0
Experiment sir_flow_coupling_extrap
Epoch 0172 [Test seq (cond on sampled tp)] | Loss -1.427770 | Likelihood 2.844609 | KL fp 3.1302 | FP STD 0.0779|
KL coef: 0.8037084859769748
Train loss (one batch): -1.4946688413619995
Train CE loss (one batch): 0.0
Test MSE: 0.0002
Poisson likelihood: 0.0
CE loss: 0.0
Experiment sir_flow_coupling_extrap
Epoch 0173 [Test seq (cond on sampled tp)] | Loss -1.462368 | Likelihood 2.883270 | KL fp 3.1281 | FP STD 0.0779|
KL coef: 0.805671401117205
Train loss (one batch): -1.494908094406128
Train CE loss (one batch): 0.0
Test MSE: 0.0002
Poisson likelihood: 0.0
CE loss: 0.0
Experiment sir_flow_coupling_extrap
Epoch 0174 [Test seq (cond on sampled tp)] | Loss -1.455981 | Likelihood 2.876104 | KL fp 3.1188 | FP STD 0.0787|
KL coef: 0.8076146871060329
Train loss (one batch): -1.474462866783142
Train CE loss (one batch): 0.0
Test MSE: 0.0002
Poisson likelihood: 0.0
CE loss: 0.0
Experiment sir_flow_coupling_extrap
Epoch 0175 [Test seq (cond on sampled tp)] | Loss -1.484174 | Likelihood 2.896121 | KL fp 3.1015 | FP STD 0.0797|
KL coef: 0.8095385402349726
Train loss (one batch): -1.4704211950302124
Train CE loss (one batch): 0.0
Test MSE: 0.0002
Poisson likelihood: 0.0
CE loss: 0.0
Experiment sir_flow_coupling_extrap
Epoch 0176 [Test seq (cond on sampled tp)] | Loss -1.506257 | Likelihood 2.941406 | KL fp 3.1226 | FP STD 0.0785|
KL coef: 0.8114431548326229
Train loss (one batch): -1.4703805446624756
Train CE loss (one batch): 0.0
Test MSE: 0.0001
Poisson likelihood: 0.0
CE loss: 0.0
Experiment sir_flow_coupling_extrap
Epoch 0177 [Test seq (cond on sampled tp)] | Loss -1.473719 | Likelihood 2.900216 | KL fp 3.1047 | FP STD 0.0796|
KL coef: 0.8133287232842966
Train loss (one batch): -1.4133930206298828
Train CE loss (one batch): 0.0
Test MSE: 0.0002
Poisson likelihood: 0.0
CE loss: 0.0
Experiment sir_flow_coupling_extrap
Epoch 0178 [Test seq (cond on sampled tp)] | Loss -1.485077 | Likelihood 2.902864 | KL fp 3.0876 | FP STD 0.0805|
KL coef: 0.8151954360514537
Train loss (one batch): -1.4530357122421265
Train CE loss (one batch): 0.0
Test MSE: 0.0002
Poisson likelihood: 0.0
CE loss: 0.0
Experiment sir_flow_coupling_extrap
Epoch 0179 [Test seq (cond on sampled tp)] | Loss -1.471699 | Likelihood 2.887834 | KL fp 3.0793 | FP STD 0.0805|
KL coef: 0.8170434816909391
Train loss (one batch): -1.4881566762924194
Train CE loss (one batch): 0.0
Test MSE: 0.0002
Poisson likelihood: 0.0
CE loss: 0.0
Experiment sir_flow_coupling_extrap
Epoch 0180 [Test seq (cond on sampled tp)] | Loss -1.456315 | Likelihood 2.880199 | KL fp 3.0805 | FP STD 0.0805|
KL coef: 0.8188730468740297
Train loss (one batch): -1.4977623224258423
Train CE loss (one batch): 0.0
Test MSE: 0.0002
Poisson likelihood: 0.0
CE loss: 0.0
Experiment sir_flow_coupling_extrap
Epoch 0181 [Test seq (cond on sampled tp)] | Loss -1.477805 | Likelihood 2.881055 | KL fp 3.0485 | FP STD 0.0830|
KL coef: 0.8206843164052895
Train loss (one batch): -1.427446722984314
Train CE loss (one batch): 0.0
Test MSE: 0.0002
Poisson likelihood: 0.0
CE loss: 0.0
Experiment sir_flow_coupling_extrap
Epoch 0182 [Test seq (cond on sampled tp)] | Loss -1.477867 | Likelihood 2.898301 | KL fp 3.0629 | FP STD 0.0815|
KL coef: 0.8224774732412365
Train loss (one batch): -1.5081018209457397
Train CE loss (one batch): 0.0
Test MSE: 0.0002
Poisson likelihood: 0.0
CE loss: 0.0
Experiment sir_flow_coupling_extrap
Epoch 0183 [Test seq (cond on sampled tp)] | Loss -1.456948 | Likelihood 2.883102 | KL fp 3.0634 | FP STD 0.0809|
KL coef: 0.8242526985088242
Train loss (one batch): -1.5167886018753052
Train CE loss (one batch): 0.0
Test MSE: 0.0002
Poisson likelihood: 0.0
CE loss: 0.0
Experiment sir_flow_coupling_extrap
Epoch 0184 [Test seq (cond on sampled tp)] | Loss -1.460443 | Likelihood 2.904708 | KL fp 3.0787 | FP STD 0.0810|
KL coef: 0.826010171523736
Train loss (one batch): -1.5198729038238525
Train CE loss (one batch): 0.0
Test MSE: 0.0002
Poisson likelihood: 0.0
CE loss: 0.0
Experiment sir_flow_coupling_extrap
Epoch 0185 [Test seq (cond on sampled tp)] | Loss -1.489732 | Likelihood 2.903395 | KL fp 3.0352 | FP STD 0.0832|
KL coef: 0.8277500698084986
Train loss (one batch): -1.5236564874649048
Train CE loss (one batch): 0.0
Test MSE: 0.0002
Poisson likelihood: 0.0
CE loss: 0.0
Experiment sir_flow_coupling_extrap
Epoch 0186 [Test seq (cond on sampled tp)] | Loss -1.471301 | Likelihood 2.890077 | KL fp 3.0353 | FP STD 0.0836|
KL coef: 0.8294725691104137
Train loss (one batch): -1.5419082641601562
Train CE loss (one batch): 0.0
Test MSE: 0.0002
Poisson likelihood: 0.0
CE loss: 0.0
Experiment sir_flow_coupling_extrap
Epoch 0187 [Test seq (cond on sampled tp)] | Loss -1.435095 | Likelihood 2.885820 | KL fp 3.0678 | FP STD 0.0814|
KL coef: 0.8311778434193096
Train loss (one batch): -1.4556409120559692
Train CE loss (one batch): 0.0
Test MSE: 0.0002
Poisson likelihood: 0.0
CE loss: 0.0
Experiment sir_flow_coupling_extrap
Epoch 0188 [Test seq (cond on sampled tp)] | Loss -1.466746 | Likelihood 2.907795 | KL fp 3.0499 | FP STD 0.0822|
KL coef: 0.8328660649851164
Train loss (one batch): -1.512651801109314
Train CE loss (one batch): 0.0
Test MSE: 0.0002
Poisson likelihood: 0.0
CE loss: 0.0
Experiment sir_flow_coupling_extrap
Epoch 0189 [Test seq (cond on sampled tp)] | Loss -1.467403 | Likelihood 2.884663 | KL fp 3.0149 | FP STD 0.0848|
KL coef: 0.8345374043352652
Train loss (one batch): -1.4837599992752075
Train CE loss (one batch): 0.0
Test MSE: 0.0002
Poisson likelihood: 0.0
CE loss: 0.0
Experiment sir_flow_coupling_extrap
Epoch 0190 [Test seq (cond on sampled tp)] | Loss -1.482463 | Likelihood 2.907991 | KL fp 3.0187 | FP STD 0.0839|
KL coef: 0.8361920302919126
Train loss (one batch): -1.4584529399871826
Train CE loss (one batch): 0.0
Test MSE: 0.0002
Poisson likelihood: 0.0
CE loss: 0.0
Experiment sir_flow_coupling_extrap
Epoch 0191 [Test seq (cond on sampled tp)] | Loss -1.495835 | Likelihood 2.916583 | KL fp 3.0070 | FP STD 0.0849|
KL coef: 0.8378301099889934
Train loss (one batch): -1.4613202810287476
Train CE loss (one batch): 0.0
Test MSE: 0.0002
Poisson likelihood: 0.0
CE loss: 0.0
Experiment sir_flow_coupling_extrap
Epoch 0192 [Test seq (cond on sampled tp)] | Loss -1.457726 | Likelihood 2.886023 | KL fp 3.0103 | FP STD 0.0848|
KL coef: 0.8394518088891035
Train loss (one batch): -1.4596660137176514
Train CE loss (one batch): 0.0
Test MSE: 0.0002
Poisson likelihood: 0.0
CE loss: 0.0
Experiment sir_flow_coupling_extrap
Epoch 0193 [Test seq (cond on sampled tp)] | Loss -1.458512 | Likelihood 2.882750 | KL fp 2.9999 | FP STD 0.0859|
KL coef: 0.8410572908002125
Train loss (one batch): -1.485488772392273
Train CE loss (one batch): 0.0
Test MSE: 0.0002
Poisson likelihood: 0.0
CE loss: 0.0
Experiment sir_flow_coupling_extrap
Epoch 0194 [Test seq (cond on sampled tp)] | Loss -1.460179 | Likelihood 2.876060 | KL fp 2.9841 | FP STD 0.0861|
KL coef: 0.8426467178922104
Train loss (one batch): -1.5077916383743286
Train CE loss (one batch): 0.0
Test MSE: 0.0002
Poisson likelihood: 0.0
CE loss: 0.0
Experiment sir_flow_coupling_extrap
Epoch 0195 [Test seq (cond on sampled tp)] | Loss -1.489810 | Likelihood 2.928201 | KL fp 3.0054 | FP STD 0.0846|
KL coef: 0.8442202507132883
Train loss (one batch): -1.5194185972213745
Train CE loss (one batch): 0.0
Test MSE: 0.0002
Poisson likelihood: 0.0
CE loss: 0.0
Experiment sir_flow_coupling_extrap
Epoch 0196 [Test seq (cond on sampled tp)] | Loss -1.495351 | Likelihood 2.891941 | KL fp 2.9503 | FP STD 0.0887|
KL coef: 0.8457780482061554
Train loss (one batch): -1.5121771097183228
Train CE loss (one batch): 0.0
Test MSE: 0.0002
Poisson likelihood: 0.0
CE loss: 0.0
Experiment sir_flow_coupling_extrap
Epoch 0197 [Test seq (cond on sampled tp)] | Loss -1.471169 | Likelihood 2.910864 | KL fp 2.9961 | FP STD 0.0855|
KL coef: 0.8473202677240939
Train loss (one batch): -1.457582950592041
Train CE loss (one batch): 0.0
Test MSE: 0.0002
Poisson likelihood: 0.0
CE loss: 0.0
Experiment sir_flow_coupling_extrap
Epoch 0198 [Test seq (cond on sampled tp)] | Loss -1.479500 | Likelihood 2.885185 | KL fp 2.9503 | FP STD 0.0876|
KL coef: 0.8488470650468529
Train loss (one batch): -1.496656894683838
Train CE loss (one batch): 0.0
Test MSE: 0.0002
Poisson likelihood: 0.0
CE loss: 0.0
Experiment sir_flow_coupling_extrap
Epoch 0199 [Test seq (cond on sampled tp)] | Loss -1.502754 | Likelihood 2.904912 | KL fp 2.9410 | FP STD 0.0888|
KL coef: 0.8503585943963844
Train loss (one batch): -1.4558135271072388
Train CE loss (one batch): 0.0
Test MSE: 0.0002
Poisson likelihood: 0.0
CE loss: 0.0
Experiment sir_flow_coupling_extrap
Epoch 0200 [Test seq (cond on sampled tp)] | Loss -1.476732 | Likelihood 2.874972 | KL fp 2.9318 | FP STD 0.0903|
KL coef: 0.8518550084524206
Train loss (one batch): -1.5378093719482422
Train CE loss (one batch): 0.0
Test MSE: 0.0002
Poisson likelihood: 0.0
CE loss: 0.0
